{"D:\\doanVEXE\\bus-booking-project\\backend\\src\\__tests__\\testUtils.js": {"path":"D:\\doanVEXE\\bus-booking-project\\backend\\src\\__tests__\\testUtils.js","statementMap":{"0":{"start":{"line":11,"column":33},"end":{"line":21,"column":1}},"1":{"start":{"line":12,"column":2},"end":{"line":20,"column":4}},"2":{"start":{"line":27,"column":34},"end":{"line":43,"column":1}},"3":{"start":{"line":28,"column":14},"end":{"line":41,"column":3}},"4":{"start":{"line":42,"column":2},"end":{"line":42,"column":13}},"5":{"start":{"line":50,"column":30},"end":{"line":60,"column":1}},"6":{"start":{"line":51,"column":2},"end":{"line":59,"column":4}},"7":{"start":{"line":67,"column":33},"end":{"line":78,"column":1}},"8":{"start":{"line":68,"column":2},"end":{"line":77,"column":4}},"9":{"start":{"line":85,"column":30},"end":{"line":97,"column":1}},"10":{"start":{"line":86,"column":2},"end":{"line":96,"column":4}},"11":{"start":{"line":104,"column":32},"end":{"line":114,"column":1}},"12":{"start":{"line":105,"column":2},"end":{"line":113,"column":4}},"13":{"start":{"line":121,"column":20},"end":{"line":121,"column":79}},"14":{"start":{"line":121,"column":32},"end":{"line":121,"column":79}},"15":{"start":{"line":121,"column":55},"end":{"line":121,"column":78}},"16":{"start":{"line":129,"column":31},"end":{"line":136,"column":1}},"17":{"start":{"line":130,"column":16},"end":{"line":130,"column":33}},"18":{"start":{"line":131,"column":16},"end":{"line":131,"column":33}},"19":{"start":{"line":133,"column":2},"end":{"line":133,"column":50}},"20":{"start":{"line":133,"column":37},"end":{"line":133,"column":50}},"21":{"start":{"line":135,"column":2},"end":{"line":135,"column":53}},"22":{"start":{"line":135,"column":28},"end":{"line":135,"column":51}}},"fnMap":{"0":{"name":"(anonymous_0)","decl":{"start":{"line":11,"column":33},"end":{"line":11,"column":34}},"loc":{"start":{"line":11,"column":51},"end":{"line":21,"column":1}},"line":11},"1":{"name":"(anonymous_1)","decl":{"start":{"line":27,"column":34},"end":{"line":27,"column":35}},"loc":{"start":{"line":27,"column":40},"end":{"line":43,"column":1}},"line":27},"2":{"name":"(anonymous_2)","decl":{"start":{"line":50,"column":30},"end":{"line":50,"column":31}},"loc":{"start":{"line":50,"column":50},"end":{"line":60,"column":1}},"line":50},"3":{"name":"(anonymous_3)","decl":{"start":{"line":67,"column":33},"end":{"line":67,"column":34}},"loc":{"start":{"line":67,"column":53},"end":{"line":78,"column":1}},"line":67},"4":{"name":"(anonymous_4)","decl":{"start":{"line":85,"column":30},"end":{"line":85,"column":31}},"loc":{"start":{"line":85,"column":50},"end":{"line":97,"column":1}},"line":85},"5":{"name":"(anonymous_5)","decl":{"start":{"line":104,"column":32},"end":{"line":104,"column":33}},"loc":{"start":{"line":104,"column":52},"end":{"line":114,"column":1}},"line":104},"6":{"name":"(anonymous_6)","decl":{"start":{"line":121,"column":20},"end":{"line":121,"column":21}},"loc":{"start":{"line":121,"column":32},"end":{"line":121,"column":79}},"line":121},"7":{"name":"(anonymous_7)","decl":{"start":{"line":121,"column":44},"end":{"line":121,"column":45}},"loc":{"start":{"line":121,"column":55},"end":{"line":121,"column":78}},"line":121},"8":{"name":"(anonymous_8)","decl":{"start":{"line":129,"column":31},"end":{"line":129,"column":32}},"loc":{"start":{"line":129,"column":47},"end":{"line":136,"column":1}},"line":129},"9":{"name":"(anonymous_9)","decl":{"start":{"line":135,"column":21},"end":{"line":135,"column":22}},"loc":{"start":{"line":135,"column":28},"end":{"line":135,"column":51}},"line":135}},"branchMap":{"0":{"loc":{"start":{"line":11,"column":34},"end":{"line":11,"column":46}},"type":"default-arg","locations":[{"start":{"line":11,"column":44},"end":{"line":11,"column":46}}],"line":11},"1":{"loc":{"start":{"line":50,"column":31},"end":{"line":50,"column":45}},"type":"default-arg","locations":[{"start":{"line":50,"column":43},"end":{"line":50,"column":45}}],"line":50},"2":{"loc":{"start":{"line":67,"column":34},"end":{"line":67,"column":48}},"type":"default-arg","locations":[{"start":{"line":67,"column":46},"end":{"line":67,"column":48}}],"line":67},"3":{"loc":{"start":{"line":85,"column":31},"end":{"line":85,"column":45}},"type":"default-arg","locations":[{"start":{"line":85,"column":43},"end":{"line":85,"column":45}}],"line":85},"4":{"loc":{"start":{"line":104,"column":33},"end":{"line":104,"column":47}},"type":"default-arg","locations":[{"start":{"line":104,"column":45},"end":{"line":104,"column":47}}],"line":104},"5":{"loc":{"start":{"line":121,"column":21},"end":{"line":121,"column":27}},"type":"default-arg","locations":[{"start":{"line":121,"column":26},"end":{"line":121,"column":27}}],"line":121},"6":{"loc":{"start":{"line":133,"column":2},"end":{"line":133,"column":50}},"type":"if","locations":[{"start":{"line":133,"column":2},"end":{"line":133,"column":50}},{"start":{},"end":{}}],"line":133}},"s":{"0":0,"1":0,"2":0,"3":0,"4":0,"5":0,"6":0,"7":0,"8":0,"9":0,"10":0,"11":0,"12":0,"13":0,"14":0,"15":0,"16":0,"17":0,"18":0,"19":0,"20":0,"21":0,"22":0},"f":{"0":0,"1":0,"2":0,"3":0,"4":0,"5":0,"6":0,"7":0,"8":0,"9":0},"b":{"0":[0],"1":[0],"2":[0],"3":[0],"4":[0],"5":[0],"6":[0,0]}}
,"D:\\doanVEXE\\bus-booking-project\\backend\\src\\controllers\\authController.js": {"path":"D:\\doanVEXE\\bus-booking-project\\backend\\src\\controllers\\authController.js","statementMap":{"0":{"start":{"line":7,"column":25},"end":{"line":7,"column":30}},"1":{"start":{"line":8,"column":26},"end":{"line":8,"column":50}},"2":{"start":{"line":12,"column":22},"end":{"line":58,"column":1}},"3":{"start":{"line":13,"column":2},"end":{"line":57,"column":3}},"4":{"start":{"line":14,"column":60},"end":{"line":14,"column":68}},"5":{"start":{"line":15,"column":4},"end":{"line":21,"column":5}},"6":{"start":{"line":16,"column":6},"end":{"line":20,"column":9}},"7":{"start":{"line":23,"column":22},"end":{"line":30,"column":6}},"8":{"start":{"line":31,"column":4},"end":{"line":37,"column":5}},"9":{"start":{"line":32,"column":6},"end":{"line":36,"column":9}},"10":{"start":{"line":39,"column":27},"end":{"line":39,"column":58}},"11":{"start":{"line":42,"column":4},"end":{"line":49,"column":7}},"12":{"start":{"line":52,"column":4},"end":{"line":52,"column":31}},"13":{"start":{"line":55,"column":4},"end":{"line":55,"column":45}},"14":{"start":{"line":56,"column":4},"end":{"line":56,"column":79}},"15":{"start":{"line":60,"column":22},"end":{"line":136,"column":1}},"16":{"start":{"line":61,"column":2},"end":{"line":135,"column":3}},"17":{"start":{"line":63,"column":35},"end":{"line":63,"column":43}},"18":{"start":{"line":64,"column":4},"end":{"line":70,"column":5}},"19":{"start":{"line":65,"column":6},"end":{"line":69,"column":9}},"20":{"start":{"line":72,"column":17},"end":{"line":79,"column":6}},"21":{"start":{"line":80,"column":4},"end":{"line":86,"column":5}},"22":{"start":{"line":81,"column":6},"end":{"line":85,"column":9}},"23":{"start":{"line":87,"column":4},"end":{"line":89,"column":5}},"24":{"start":{"line":88,"column":6},"end":{"line":88,"column":116}},"25":{"start":{"line":91,"column":28},"end":{"line":91,"column":79}},"26":{"start":{"line":92,"column":4},"end":{"line":98,"column":5}},"27":{"start":{"line":93,"column":6},"end":{"line":97,"column":9}},"28":{"start":{"line":100,"column":24},"end":{"line":106,"column":5}},"29":{"start":{"line":110,"column":25},"end":{"line":110,"column":63}},"30":{"start":{"line":113,"column":4},"end":{"line":117,"column":7}},"31":{"start":{"line":120,"column":4},"end":{"line":125,"column":7}},"32":{"start":{"line":128,"column":4},"end":{"line":128,"column":111}},"33":{"start":{"line":133,"column":4},"end":{"line":133,"column":47}},"34":{"start":{"line":134,"column":4},"end":{"line":134,"column":77}},"35":{"start":{"line":139,"column":23},"end":{"line":156,"column":1}},"36":{"start":{"line":140,"column":0},"end":{"line":155,"column":1}},"37":{"start":{"line":142,"column":16},"end":{"line":142,"column":41}},"38":{"start":{"line":144,"column":2},"end":{"line":148,"column":5}},"39":{"start":{"line":150,"column":2},"end":{"line":150,"column":34}},"40":{"start":{"line":151,"column":2},"end":{"line":151,"column":29}},"41":{"start":{"line":153,"column":2},"end":{"line":153,"column":45}},"42":{"start":{"line":154,"column":2},"end":{"line":154,"column":75}},"43":{"start":{"line":158,"column":28},"end":{"line":205,"column":1}},"44":{"start":{"line":159,"column":2},"end":{"line":204,"column":3}},"45":{"start":{"line":161,"column":18},"end":{"line":161,"column":43}},"46":{"start":{"line":162,"column":4},"end":{"line":164,"column":5}},"47":{"start":{"line":163,"column":6},"end":{"line":163,"column":104}},"48":{"start":{"line":167,"column":20},"end":{"line":169,"column":6}},"49":{"start":{"line":171,"column":4},"end":{"line":173,"column":5}},"50":{"start":{"line":172,"column":6},"end":{"line":172,"column":102}},"51":{"start":{"line":176,"column":4},"end":{"line":181,"column":5}},"52":{"start":{"line":178,"column":6},"end":{"line":178,"column":30}},"53":{"start":{"line":179,"column":6},"end":{"line":179,"column":38}},"54":{"start":{"line":180,"column":6},"end":{"line":180,"column":100}},"55":{"start":{"line":184,"column":17},"end":{"line":184,"column":52}},"56":{"start":{"line":185,"column":4},"end":{"line":187,"column":5}},"57":{"start":{"line":186,"column":6},"end":{"line":186,"column":101}},"58":{"start":{"line":189,"column":4},"end":{"line":191,"column":5}},"59":{"start":{"line":190,"column":6},"end":{"line":190,"column":116}},"60":{"start":{"line":194,"column":24},"end":{"line":198,"column":5}},"61":{"start":{"line":200,"column":4},"end":{"line":200,"column":49}},"62":{"start":{"line":202,"column":4},"end":{"line":202,"column":51}},"63":{"start":{"line":203,"column":4},"end":{"line":203,"column":81}}},"fnMap":{"0":{"name":"(anonymous_0)","decl":{"start":{"line":12,"column":22},"end":{"line":12,"column":23}},"loc":{"start":{"line":12,"column":42},"end":{"line":58,"column":1}},"line":12},"1":{"name":"(anonymous_1)","decl":{"start":{"line":60,"column":22},"end":{"line":60,"column":23}},"loc":{"start":{"line":60,"column":42},"end":{"line":136,"column":1}},"line":60},"2":{"name":"(anonymous_2)","decl":{"start":{"line":139,"column":23},"end":{"line":139,"column":24}},"loc":{"start":{"line":139,"column":43},"end":{"line":156,"column":1}},"line":139},"3":{"name":"(anonymous_3)","decl":{"start":{"line":158,"column":28},"end":{"line":158,"column":29}},"loc":{"start":{"line":158,"column":48},"end":{"line":205,"column":1}},"line":158}},"branchMap":{"0":{"loc":{"start":{"line":15,"column":4},"end":{"line":21,"column":5}},"type":"if","locations":[{"start":{"line":15,"column":4},"end":{"line":21,"column":5}},{"start":{},"end":{}}],"line":15},"1":{"loc":{"start":{"line":15,"column":9},"end":{"line":15,"column":65}},"type":"binary-expr","locations":[{"start":{"line":15,"column":9},"end":{"line":15,"column":18}},{"start":{"line":15,"column":22},"end":{"line":15,"column":28}},{"start":{"line":15,"column":32},"end":{"line":15,"column":38}},{"start":{"line":15,"column":42},"end":{"line":15,"column":52}},{"start":{"line":15,"column":56},"end":{"line":15,"column":65}}],"line":15},"2":{"loc":{"start":{"line":31,"column":4},"end":{"line":37,"column":5}},"type":"if","locations":[{"start":{"line":31,"column":4},"end":{"line":37,"column":5}},{"start":{},"end":{}}],"line":31},"3":{"loc":{"start":{"line":64,"column":4},"end":{"line":70,"column":5}},"type":"if","locations":[{"start":{"line":64,"column":4},"end":{"line":70,"column":5}},{"start":{},"end":{}}],"line":64},"4":{"loc":{"start":{"line":64,"column":8},"end":{"line":64,"column":30}},"type":"binary-expr","locations":[{"start":{"line":64,"column":8},"end":{"line":64,"column":17}},{"start":{"line":64,"column":21},"end":{"line":64,"column":30}}],"line":64},"5":{"loc":{"start":{"line":80,"column":4},"end":{"line":86,"column":5}},"type":"if","locations":[{"start":{"line":80,"column":4},"end":{"line":86,"column":5}},{"start":{},"end":{}}],"line":80},"6":{"loc":{"start":{"line":87,"column":4},"end":{"line":89,"column":5}},"type":"if","locations":[{"start":{"line":87,"column":4},"end":{"line":89,"column":5}},{"start":{},"end":{}}],"line":87},"7":{"loc":{"start":{"line":92,"column":4},"end":{"line":98,"column":5}},"type":"if","locations":[{"start":{"line":92,"column":4},"end":{"line":98,"column":5}},{"start":{},"end":{}}],"line":92},"8":{"loc":{"start":{"line":162,"column":4},"end":{"line":164,"column":5}},"type":"if","locations":[{"start":{"line":162,"column":4},"end":{"line":164,"column":5}},{"start":{},"end":{}}],"line":162},"9":{"loc":{"start":{"line":171,"column":4},"end":{"line":173,"column":5}},"type":"if","locations":[{"start":{"line":171,"column":4},"end":{"line":173,"column":5}},{"start":{},"end":{}}],"line":171},"10":{"loc":{"start":{"line":176,"column":4},"end":{"line":181,"column":5}},"type":"if","locations":[{"start":{"line":176,"column":4},"end":{"line":181,"column":5}},{"start":{},"end":{}}],"line":176},"11":{"loc":{"start":{"line":185,"column":4},"end":{"line":187,"column":5}},"type":"if","locations":[{"start":{"line":185,"column":4},"end":{"line":187,"column":5}},{"start":{},"end":{}}],"line":185},"12":{"loc":{"start":{"line":189,"column":4},"end":{"line":191,"column":5}},"type":"if","locations":[{"start":{"line":189,"column":4},"end":{"line":191,"column":5}},{"start":{},"end":{}}],"line":189}},"s":{"0":1,"1":1,"2":1,"3":8,"4":8,"5":8,"6":1,"7":7,"8":7,"9":2,"10":5,"11":5,"12":4,"13":1,"14":1,"15":1,"16":0,"17":0,"18":0,"19":0,"20":0,"21":0,"22":0,"23":0,"24":0,"25":0,"26":0,"27":0,"28":0,"29":0,"30":0,"31":0,"32":0,"33":0,"34":0,"35":1,"36":0,"37":0,"38":0,"39":0,"40":0,"41":0,"42":0,"43":1,"44":0,"45":0,"46":0,"47":0,"48":0,"49":0,"50":0,"51":0,"52":0,"53":0,"54":0,"55":0,"56":0,"57":0,"58":0,"59":0,"60":0,"61":0,"62":0,"63":0},"f":{"0":8,"1":0,"2":0,"3":0},"b":{"0":[1,7],"1":[8,7,7,7,7],"2":[2,5],"3":[0,0],"4":[0,0],"5":[0,0],"6":[0,0],"7":[0,0],"8":[0,0],"9":[0,0],"10":[0,0],"11":[0,0],"12":[0,0]},"_coverageSchema":"1a1c01bbd47fc00a2c39e90264f33305004495a9","hash":"29ac6ae84791b7231c376d2530d476ca7a9b2345"}
,"D:\\doanVEXE\\bus-booking-project\\backend\\src\\controllers\\bookingController.js": {"path":"D:\\doanVEXE\\bus-booking-project\\backend\\src\\controllers\\bookingController.js","statementMap":{"0":{"start":{"line":15,"column":14},"end":{"line":15,"column":58}},"1":{"start":{"line":16,"column":2},"end":{"line":16,"column":90}},"2":{"start":{"line":20,"column":30},"end":{"line":43,"column":1}},"3":{"start":{"line":21,"column":2},"end":{"line":42,"column":3}},"4":{"start":{"line":22,"column":39},"end":{"line":22,"column":48}},"5":{"start":{"line":23,"column":18},"end":{"line":23,"column":20}},"6":{"start":{"line":24,"column":4},"end":{"line":24,"column":38}},"7":{"start":{"line":24,"column":16},"end":{"line":24,"column":38}},"8":{"start":{"line":25,"column":4},"end":{"line":25,"column":38}},"9":{"start":{"line":25,"column":16},"end":{"line":25,"column":38}},"10":{"start":{"line":26,"column":4},"end":{"line":26,"column":38}},"11":{"start":{"line":26,"column":16},"end":{"line":26,"column":38}},"12":{"start":{"line":28,"column":21},"end":{"line":36,"column":6}},"13":{"start":{"line":38,"column":4},"end":{"line":38,"column":42}},"14":{"start":{"line":40,"column":4},"end":{"line":40,"column":52}},"15":{"start":{"line":41,"column":4},"end":{"line":41,"column":88}},"16":{"start":{"line":48,"column":29},"end":{"line":176,"column":1}},"17":{"start":{"line":50,"column":12},"end":{"line":50,"column":41}},"18":{"start":{"line":52,"column":2},"end":{"line":175,"column":3}},"19":{"start":{"line":53,"column":53},"end":{"line":53,"column":61}},"20":{"start":{"line":55,"column":4},"end":{"line":58,"column":5}},"21":{"start":{"line":56,"column":6},"end":{"line":56,"column":25}},"22":{"start":{"line":57,"column":6},"end":{"line":57,"column":82}},"23":{"start":{"line":60,"column":17},"end":{"line":60,"column":64}},"24":{"start":{"line":61,"column":4},"end":{"line":61,"column":54}},"25":{"start":{"line":61,"column":15},"end":{"line":61,"column":54}},"26":{"start":{"line":63,"column":17},"end":{"line":63,"column":64}},"27":{"start":{"line":64,"column":4},"end":{"line":64,"column":59}},"28":{"start":{"line":64,"column":15},"end":{"line":64,"column":59}},"29":{"start":{"line":66,"column":16},"end":{"line":66,"column":26}},"30":{"start":{"line":67,"column":4},"end":{"line":69,"column":5}},"31":{"start":{"line":68,"column":6},"end":{"line":68,"column":80}},"32":{"start":{"line":71,"column":24},"end":{"line":71,"column":56}},"33":{"start":{"line":71,"column":43},"end":{"line":71,"column":55}},"34":{"start":{"line":74,"column":22},"end":{"line":78,"column":6}},"35":{"start":{"line":80,"column":4},"end":{"line":82,"column":5}},"36":{"start":{"line":81,"column":6},"end":{"line":81,"column":79}},"37":{"start":{"line":85,"column":24},"end":{"line":85,"column":70}},"38":{"start":{"line":85,"column":48},"end":{"line":85,"column":69}},"39":{"start":{"line":86,"column":4},"end":{"line":89,"column":5}},"40":{"start":{"line":87,"column":26},"end":{"line":87,"column":73}},"41":{"start":{"line":87,"column":49},"end":{"line":87,"column":61}},"42":{"start":{"line":88,"column":6},"end":{"line":88,"column":80}},"43":{"start":{"line":92,"column":4},"end":{"line":104,"column":5}},"44":{"start":{"line":93,"column":46},"end":{"line":93,"column":48}},"45":{"start":{"line":94,"column":6},"end":{"line":98,"column":7}},"46":{"start":{"line":95,"column":19},"end":{"line":95,"column":77}},"47":{"start":{"line":96,"column":8},"end":{"line":96,"column":64}},"48":{"start":{"line":96,"column":17},"end":{"line":96,"column":64}},"49":{"start":{"line":97,"column":8},"end":{"line":97,"column":103}},"50":{"start":{"line":97,"column":41},"end":{"line":97,"column":103}},"51":{"start":{"line":99,"column":6},"end":{"line":103,"column":7}},"52":{"start":{"line":100,"column":19},"end":{"line":100,"column":78}},"53":{"start":{"line":101,"column":8},"end":{"line":101,"column":65}},"54":{"start":{"line":101,"column":17},"end":{"line":101,"column":65}},"55":{"start":{"line":102,"column":8},"end":{"line":102,"column":104}},"56":{"start":{"line":102,"column":41},"end":{"line":102,"column":104}},"57":{"start":{"line":107,"column":20},"end":{"line":109,"column":26}},"58":{"start":{"line":112,"column":23},"end":{"line":128,"column":6}},"59":{"start":{"line":113,"column":23},"end":{"line":113,"column":70}},"60":{"start":{"line":113,"column":43},"end":{"line":113,"column":69}},"61":{"start":{"line":115,"column":24},"end":{"line":115,"column":80}},"62":{"start":{"line":116,"column":21},"end":{"line":116,"column":75}},"63":{"start":{"line":118,"column":6},"end":{"line":127,"column":8}},"64":{"start":{"line":131,"column":4},"end":{"line":131,"column":60}},"65":{"start":{"line":134,"column":25},"end":{"line":134,"column":65}},"66":{"start":{"line":135,"column":4},"end":{"line":138,"column":6}},"67":{"start":{"line":141,"column":4},"end":{"line":146,"column":27}},"68":{"start":{"line":149,"column":4},"end":{"line":149,"column":21}},"69":{"start":{"line":152,"column":24},"end":{"line":159,"column":6}},"70":{"start":{"line":161,"column":4},"end":{"line":164,"column":7}},"71":{"start":{"line":168,"column":4},"end":{"line":168,"column":45}},"72":{"start":{"line":168,"column":26},"end":{"line":168,"column":45}},"73":{"start":{"line":169,"column":4},"end":{"line":169,"column":52}},"74":{"start":{"line":172,"column":4},"end":{"line":174,"column":7}},"75":{"start":{"line":179,"column":29},"end":{"line":299,"column":1}},"76":{"start":{"line":181,"column":12},"end":{"line":181,"column":41}},"77":{"start":{"line":183,"column":2},"end":{"line":298,"column":3}},"78":{"start":{"line":184,"column":26},"end":{"line":184,"column":36}},"79":{"start":{"line":185,"column":19},"end":{"line":185,"column":30}},"80":{"start":{"line":188,"column":20},"end":{"line":200,"column":6}},"81":{"start":{"line":202,"column":4},"end":{"line":202,"column":68}},"82":{"start":{"line":202,"column":18},"end":{"line":202,"column":68}},"83":{"start":{"line":203,"column":4},"end":{"line":203,"column":96}},"84":{"start":{"line":203,"column":35},"end":{"line":203,"column":96}},"85":{"start":{"line":204,"column":4},"end":{"line":204,"column":90}},"86":{"start":{"line":204,"column":40},"end":{"line":204,"column":90}},"87":{"start":{"line":207,"column":16},"end":{"line":207,"column":26}},"88":{"start":{"line":208,"column":26},"end":{"line":208,"column":62}},"89":{"start":{"line":211,"column":22},"end":{"line":211,"column":62}},"90":{"start":{"line":213,"column":24},"end":{"line":213,"column":25}},"91":{"start":{"line":214,"column":23},"end":{"line":214,"column":24}},"92":{"start":{"line":216,"column":4},"end":{"line":222,"column":5}},"93":{"start":{"line":217,"column":6},"end":{"line":217,"column":82}},"94":{"start":{"line":218,"column":11},"end":{"line":222,"column":5}},"95":{"start":{"line":219,"column":6},"end":{"line":219,"column":25}},"96":{"start":{"line":221,"column":6},"end":{"line":221,"column":26}},"97":{"start":{"line":224,"column":4},"end":{"line":224,"column":63}},"98":{"start":{"line":229,"column":4},"end":{"line":229,"column":70}},"99":{"start":{"line":232,"column":4},"end":{"line":237,"column":5}},"100":{"start":{"line":233,"column":6},"end":{"line":236,"column":29}},"101":{"start":{"line":240,"column":24},"end":{"line":240,"column":26}},"102":{"start":{"line":241,"column":4},"end":{"line":255,"column":5}},"103":{"start":{"line":243,"column":6},"end":{"line":243,"column":71}},"104":{"start":{"line":246,"column":6},"end":{"line":254,"column":7}},"105":{"start":{"line":247,"column":8},"end":{"line":250,"column":31}},"106":{"start":{"line":253,"column":8},"end":{"line":253,"column":49}},"107":{"start":{"line":258,"column":4},"end":{"line":258,"column":21}},"108":{"start":{"line":262,"column":15},"end":{"line":262,"column":32}},"109":{"start":{"line":263,"column":4},"end":{"line":271,"column":5}},"110":{"start":{"line":264,"column":6},"end":{"line":270,"column":9}},"111":{"start":{"line":265,"column":8},"end":{"line":269,"column":11}},"112":{"start":{"line":274,"column":4},"end":{"line":285,"column":5}},"113":{"start":{"line":275,"column":24},"end":{"line":282,"column":7}},"114":{"start":{"line":284,"column":6},"end":{"line":284,"column":33}},"115":{"start":{"line":287,"column":4},"end":{"line":291,"column":7}},"116":{"start":{"line":295,"column":4},"end":{"line":295,"column":45}},"117":{"start":{"line":295,"column":26},"end":{"line":295,"column":45}},"118":{"start":{"line":296,"column":4},"end":{"line":296,"column":40}},"119":{"start":{"line":297,"column":4},"end":{"line":297,"column":76}},"120":{"start":{"line":302,"column":30},"end":{"line":317,"column":1}},"121":{"start":{"line":303,"column":2},"end":{"line":316,"column":3}},"122":{"start":{"line":304,"column":20},"end":{"line":310,"column":6}},"123":{"start":{"line":311,"column":4},"end":{"line":311,"column":84}},"124":{"start":{"line":311,"column":18},"end":{"line":311,"column":84}},"125":{"start":{"line":312,"column":4},"end":{"line":312,"column":41}},"126":{"start":{"line":314,"column":4},"end":{"line":314,"column":51}},"127":{"start":{"line":315,"column":4},"end":{"line":315,"column":88}},"128":{"start":{"line":319,"column":29},"end":{"line":411,"column":1}},"129":{"start":{"line":320,"column":12},"end":{"line":320,"column":41}},"130":{"start":{"line":322,"column":2},"end":{"line":410,"column":3}},"131":{"start":{"line":323,"column":19},"end":{"line":323,"column":29}},"132":{"start":{"line":324,"column":36},"end":{"line":324,"column":44}},"133":{"start":{"line":327,"column":20},"end":{"line":330,"column":6}},"134":{"start":{"line":332,"column":4},"end":{"line":335,"column":5}},"135":{"start":{"line":333,"column":6},"end":{"line":333,"column":25}},"136":{"start":{"line":334,"column":6},"end":{"line":334,"column":72}},"137":{"start":{"line":337,"column":29},"end":{"line":341,"column":5}},"138":{"start":{"line":344,"column":4},"end":{"line":385,"column":5}},"139":{"start":{"line":345,"column":6},"end":{"line":348,"column":7}},"140":{"start":{"line":346,"column":8},"end":{"line":346,"column":27}},"141":{"start":{"line":347,"column":8},"end":{"line":347,"column":110}},"142":{"start":{"line":351,"column":22},"end":{"line":351,"column":70}},"143":{"start":{"line":351,"column":52},"end":{"line":351,"column":69}},"144":{"start":{"line":353,"column":6},"end":{"line":381,"column":7}},"145":{"start":{"line":355,"column":8},"end":{"line":358,"column":10}},"146":{"start":{"line":360,"column":8},"end":{"line":363,"column":10}},"147":{"start":{"line":365,"column":11},"end":{"line":381,"column":7}},"148":{"start":{"line":367,"column":8},"end":{"line":370,"column":10}},"149":{"start":{"line":372,"column":8},"end":{"line":375,"column":10}},"150":{"start":{"line":377,"column":8},"end":{"line":380,"column":10}},"151":{"start":{"line":384,"column":6},"end":{"line":384,"column":30}},"152":{"start":{"line":388,"column":4},"end":{"line":388,"column":55}},"153":{"start":{"line":388,"column":21},"end":{"line":388,"column":55}},"154":{"start":{"line":391,"column":4},"end":{"line":391,"column":43}},"155":{"start":{"line":394,"column":4},"end":{"line":394,"column":21}},"156":{"start":{"line":397,"column":20},"end":{"line":403,"column":6}},"157":{"start":{"line":405,"column":4},"end":{"line":405,"column":91}},"158":{"start":{"line":407,"column":4},"end":{"line":407,"column":23}},"159":{"start":{"line":408,"column":4},"end":{"line":408,"column":52}},"160":{"start":{"line":409,"column":4},"end":{"line":409,"column":83}},"161":{"start":{"line":414,"column":29},"end":{"line":427,"column":1}},"162":{"start":{"line":415,"column":2},"end":{"line":426,"column":3}},"163":{"start":{"line":416,"column":20},"end":{"line":416,"column":57}},"164":{"start":{"line":417,"column":4},"end":{"line":417,"column":84}},"165":{"start":{"line":417,"column":18},"end":{"line":417,"column":84}},"166":{"start":{"line":418,"column":4},"end":{"line":420,"column":5}},"167":{"start":{"line":419,"column":6},"end":{"line":419,"column":112}},"168":{"start":{"line":421,"column":4},"end":{"line":421,"column":28}},"169":{"start":{"line":422,"column":4},"end":{"line":422,"column":34}},"170":{"start":{"line":424,"column":4},"end":{"line":424,"column":52}},"171":{"start":{"line":425,"column":4},"end":{"line":425,"column":78}},"172":{"start":{"line":430,"column":33},"end":{"line":470,"column":1}},"173":{"start":{"line":431,"column":2},"end":{"line":469,"column":3}},"174":{"start":{"line":432,"column":23},"end":{"line":432,"column":33}},"175":{"start":{"line":434,"column":17},"end":{"line":434,"column":44}},"176":{"start":{"line":435,"column":4},"end":{"line":435,"column":79}},"177":{"start":{"line":435,"column":15},"end":{"line":435,"column":79}},"178":{"start":{"line":437,"column":16},"end":{"line":437,"column":26}},"179":{"start":{"line":438,"column":21},"end":{"line":446,"column":6}},"180":{"start":{"line":448,"column":24},"end":{"line":448,"column":70}},"181":{"start":{"line":449,"column":4},"end":{"line":457,"column":7}},"182":{"start":{"line":450,"column":6},"end":{"line":456,"column":7}},"183":{"start":{"line":451,"column":8},"end":{"line":451,"column":44}},"184":{"start":{"line":452,"column":13},"end":{"line":456,"column":7}},"185":{"start":{"line":453,"column":8},"end":{"line":453,"column":43}},"186":{"start":{"line":454,"column":13},"end":{"line":456,"column":7}},"187":{"start":{"line":455,"column":8},"end":{"line":455,"column":44}},"188":{"start":{"line":459,"column":4},"end":{"line":459,"column":85}},"189":{"start":{"line":459,"column":40},"end":{"line":459,"column":83}},"190":{"start":{"line":460,"column":4},"end":{"line":460,"column":86}},"191":{"start":{"line":460,"column":41},"end":{"line":460,"column":84}},"192":{"start":{"line":462,"column":4},"end":{"line":465,"column":7}},"193":{"start":{"line":467,"column":4},"end":{"line":467,"column":57}},"194":{"start":{"line":468,"column":4},"end":{"line":468,"column":87}}},"fnMap":{"0":{"name":"generateQrCode","decl":{"start":{"line":14,"column":9},"end":{"line":14,"column":23}},"loc":{"start":{"line":14,"column":45},"end":{"line":17,"column":1}},"line":14},"1":{"name":"(anonymous_1)","decl":{"start":{"line":20,"column":30},"end":{"line":20,"column":31}},"loc":{"start":{"line":20,"column":50},"end":{"line":43,"column":1}},"line":20},"2":{"name":"(anonymous_2)","decl":{"start":{"line":48,"column":29},"end":{"line":48,"column":30}},"loc":{"start":{"line":48,"column":49},"end":{"line":176,"column":1}},"line":48},"3":{"name":"(anonymous_3)","decl":{"start":{"line":71,"column":36},"end":{"line":71,"column":37}},"loc":{"start":{"line":71,"column":43},"end":{"line":71,"column":55}},"line":71},"4":{"name":"(anonymous_4)","decl":{"start":{"line":85,"column":41},"end":{"line":85,"column":42}},"loc":{"start":{"line":85,"column":48},"end":{"line":85,"column":69}},"line":85},"5":{"name":"(anonymous_5)","decl":{"start":{"line":87,"column":42},"end":{"line":87,"column":43}},"loc":{"start":{"line":87,"column":49},"end":{"line":87,"column":61}},"line":87},"6":{"name":"(anonymous_6)","decl":{"start":{"line":112,"column":35},"end":{"line":112,"column":36}},"loc":{"start":{"line":112,"column":47},"end":{"line":128,"column":5}},"line":112},"7":{"name":"(anonymous_7)","decl":{"start":{"line":113,"column":38},"end":{"line":113,"column":39}},"loc":{"start":{"line":113,"column":43},"end":{"line":113,"column":69}},"line":113},"8":{"name":"(anonymous_8)","decl":{"start":{"line":179,"column":29},"end":{"line":179,"column":30}},"loc":{"start":{"line":179,"column":49},"end":{"line":299,"column":1}},"line":179},"9":{"name":"(anonymous_9)","decl":{"start":{"line":264,"column":26},"end":{"line":264,"column":27}},"loc":{"start":{"line":264,"column":37},"end":{"line":270,"column":7}},"line":264},"10":{"name":"(anonymous_10)","decl":{"start":{"line":302,"column":30},"end":{"line":302,"column":31}},"loc":{"start":{"line":302,"column":50},"end":{"line":317,"column":1}},"line":302},"11":{"name":"(anonymous_11)","decl":{"start":{"line":319,"column":29},"end":{"line":319,"column":30}},"loc":{"start":{"line":319,"column":49},"end":{"line":411,"column":1}},"line":319},"12":{"name":"(anonymous_12)","decl":{"start":{"line":351,"column":42},"end":{"line":351,"column":43}},"loc":{"start":{"line":351,"column":52},"end":{"line":351,"column":69}},"line":351},"13":{"name":"(anonymous_13)","decl":{"start":{"line":414,"column":29},"end":{"line":414,"column":30}},"loc":{"start":{"line":414,"column":49},"end":{"line":427,"column":1}},"line":414},"14":{"name":"(anonymous_14)","decl":{"start":{"line":430,"column":33},"end":{"line":430,"column":34}},"loc":{"start":{"line":430,"column":53},"end":{"line":470,"column":1}},"line":430},"15":{"name":"(anonymous_15)","decl":{"start":{"line":449,"column":21},"end":{"line":449,"column":22}},"loc":{"start":{"line":449,"column":34},"end":{"line":457,"column":5}},"line":449},"16":{"name":"(anonymous_16)","decl":{"start":{"line":459,"column":30},"end":{"line":459,"column":31}},"loc":{"start":{"line":459,"column":40},"end":{"line":459,"column":83}},"line":459},"17":{"name":"(anonymous_17)","decl":{"start":{"line":460,"column":31},"end":{"line":460,"column":32}},"loc":{"start":{"line":460,"column":41},"end":{"line":460,"column":84}},"line":460}},"branchMap":{"0":{"loc":{"start":{"line":24,"column":4},"end":{"line":24,"column":38}},"type":"if","locations":[{"start":{"line":24,"column":4},"end":{"line":24,"column":38}},{"start":{},"end":{}}],"line":24},"1":{"loc":{"start":{"line":25,"column":4},"end":{"line":25,"column":38}},"type":"if","locations":[{"start":{"line":25,"column":4},"end":{"line":25,"column":38}},{"start":{},"end":{}}],"line":25},"2":{"loc":{"start":{"line":26,"column":4},"end":{"line":26,"column":38}},"type":"if","locations":[{"start":{"line":26,"column":4},"end":{"line":26,"column":38}},{"start":{},"end":{}}],"line":26},"3":{"loc":{"start":{"line":55,"column":4},"end":{"line":58,"column":5}},"type":"if","locations":[{"start":{"line":55,"column":4},"end":{"line":58,"column":5}},{"start":{},"end":{}}],"line":55},"4":{"loc":{"start":{"line":55,"column":8},"end":{"line":55,"column":73}},"type":"binary-expr","locations":[{"start":{"line":55,"column":8},"end":{"line":55,"column":15}},{"start":{"line":55,"column":19},"end":{"line":55,"column":26}},{"start":{"line":55,"column":30},"end":{"line":55,"column":42}},{"start":{"line":55,"column":46},"end":{"line":55,"column":54}},{"start":{"line":55,"column":58},"end":{"line":55,"column":73}}],"line":55},"5":{"loc":{"start":{"line":61,"column":4},"end":{"line":61,"column":54}},"type":"if","locations":[{"start":{"line":61,"column":4},"end":{"line":61,"column":54}},{"start":{},"end":{}}],"line":61},"6":{"loc":{"start":{"line":64,"column":4},"end":{"line":64,"column":59}},"type":"if","locations":[{"start":{"line":64,"column":4},"end":{"line":64,"column":59}},{"start":{},"end":{}}],"line":64},"7":{"loc":{"start":{"line":67,"column":4},"end":{"line":69,"column":5}},"type":"if","locations":[{"start":{"line":67,"column":4},"end":{"line":69,"column":5}},{"start":{},"end":{}}],"line":67},"8":{"loc":{"start":{"line":80,"column":4},"end":{"line":82,"column":5}},"type":"if","locations":[{"start":{"line":80,"column":4},"end":{"line":82,"column":5}},{"start":{},"end":{}}],"line":80},"9":{"loc":{"start":{"line":86,"column":4},"end":{"line":89,"column":5}},"type":"if","locations":[{"start":{"line":86,"column":4},"end":{"line":89,"column":5}},{"start":{},"end":{}}],"line":86},"10":{"loc":{"start":{"line":94,"column":6},"end":{"line":98,"column":7}},"type":"if","locations":[{"start":{"line":94,"column":6},"end":{"line":98,"column":7}},{"start":{},"end":{}}],"line":94},"11":{"loc":{"start":{"line":96,"column":8},"end":{"line":96,"column":64}},"type":"if","locations":[{"start":{"line":96,"column":8},"end":{"line":96,"column":64}},{"start":{},"end":{}}],"line":96},"12":{"loc":{"start":{"line":97,"column":8},"end":{"line":97,"column":103}},"type":"if","locations":[{"start":{"line":97,"column":8},"end":{"line":97,"column":103}},{"start":{},"end":{}}],"line":97},"13":{"loc":{"start":{"line":99,"column":6},"end":{"line":103,"column":7}},"type":"if","locations":[{"start":{"line":99,"column":6},"end":{"line":103,"column":7}},{"start":{},"end":{}}],"line":99},"14":{"loc":{"start":{"line":101,"column":8},"end":{"line":101,"column":65}},"type":"if","locations":[{"start":{"line":101,"column":8},"end":{"line":101,"column":65}},{"start":{},"end":{}}],"line":101},"15":{"loc":{"start":{"line":102,"column":8},"end":{"line":102,"column":104}},"type":"if","locations":[{"start":{"line":102,"column":8},"end":{"line":102,"column":104}},{"start":{},"end":{}}],"line":102},"16":{"loc":{"start":{"line":123,"column":22},"end":{"line":123,"column":49}},"type":"binary-expr","locations":[{"start":{"line":123,"column":22},"end":{"line":123,"column":41}},{"start":{"line":123,"column":45},"end":{"line":123,"column":49}}],"line":123},"17":{"loc":{"start":{"line":124,"column":23},"end":{"line":124,"column":51}},"type":"binary-expr","locations":[{"start":{"line":124,"column":23},"end":{"line":124,"column":43}},{"start":{"line":124,"column":47},"end":{"line":124,"column":51}}],"line":124},"18":{"loc":{"start":{"line":168,"column":4},"end":{"line":168,"column":45}},"type":"if","locations":[{"start":{"line":168,"column":4},"end":{"line":168,"column":45}},{"start":{},"end":{}}],"line":168},"19":{"loc":{"start":{"line":168,"column":8},"end":{"line":168,"column":24}},"type":"binary-expr","locations":[{"start":{"line":168,"column":8},"end":{"line":168,"column":9}},{"start":{"line":168,"column":13},"end":{"line":168,"column":24}}],"line":168},"20":{"loc":{"start":{"line":172,"column":22},"end":{"line":172,"column":68}},"type":"cond-expr","locations":[{"start":{"line":172,"column":59},"end":{"line":172,"column":62}},{"start":{"line":172,"column":65},"end":{"line":172,"column":68}}],"line":172},"21":{"loc":{"start":{"line":173,"column":15},"end":{"line":173,"column":63}},"type":"binary-expr","locations":[{"start":{"line":173,"column":15},"end":{"line":173,"column":28}},{"start":{"line":173,"column":32},"end":{"line":173,"column":63}}],"line":173},"22":{"loc":{"start":{"line":202,"column":4},"end":{"line":202,"column":68}},"type":"if","locations":[{"start":{"line":202,"column":4},"end":{"line":202,"column":68}},{"start":{},"end":{}}],"line":202},"23":{"loc":{"start":{"line":203,"column":4},"end":{"line":203,"column":96}},"type":"if","locations":[{"start":{"line":203,"column":4},"end":{"line":203,"column":96}},{"start":{},"end":{}}],"line":203},"24":{"loc":{"start":{"line":204,"column":4},"end":{"line":204,"column":90}},"type":"if","locations":[{"start":{"line":204,"column":4},"end":{"line":204,"column":90}},{"start":{},"end":{}}],"line":204},"25":{"loc":{"start":{"line":216,"column":4},"end":{"line":222,"column":5}},"type":"if","locations":[{"start":{"line":216,"column":4},"end":{"line":222,"column":5}},{"start":{"line":218,"column":11},"end":{"line":222,"column":5}}],"line":216},"26":{"loc":{"start":{"line":218,"column":11},"end":{"line":222,"column":5}},"type":"if","locations":[{"start":{"line":218,"column":11},"end":{"line":222,"column":5}},{"start":{"line":220,"column":11},"end":{"line":222,"column":5}}],"line":218},"27":{"loc":{"start":{"line":232,"column":4},"end":{"line":237,"column":5}},"type":"if","locations":[{"start":{"line":232,"column":4},"end":{"line":237,"column":5}},{"start":{},"end":{}}],"line":232},"28":{"loc":{"start":{"line":232,"column":8},"end":{"line":232,"column":63}},"type":"binary-expr","locations":[{"start":{"line":232,"column":8},"end":{"line":232,"column":23}},{"start":{"line":232,"column":27},"end":{"line":232,"column":63}}],"line":232},"29":{"loc":{"start":{"line":246,"column":6},"end":{"line":254,"column":7}},"type":"if","locations":[{"start":{"line":246,"column":6},"end":{"line":254,"column":7}},{"start":{},"end":{}}],"line":246},"30":{"loc":{"start":{"line":263,"column":4},"end":{"line":271,"column":5}},"type":"if","locations":[{"start":{"line":263,"column":4},"end":{"line":271,"column":5}},{"start":{},"end":{}}],"line":263},"31":{"loc":{"start":{"line":274,"column":4},"end":{"line":285,"column":5}},"type":"if","locations":[{"start":{"line":274,"column":4},"end":{"line":285,"column":5}},{"start":{},"end":{}}],"line":274},"32":{"loc":{"start":{"line":274,"column":8},"end":{"line":274,"column":42}},"type":"binary-expr","locations":[{"start":{"line":274,"column":8},"end":{"line":274,"column":20}},{"start":{"line":274,"column":24},"end":{"line":274,"column":42}}],"line":274},"33":{"loc":{"start":{"line":295,"column":4},"end":{"line":295,"column":45}},"type":"if","locations":[{"start":{"line":295,"column":4},"end":{"line":295,"column":45}},{"start":{},"end":{}}],"line":295},"34":{"loc":{"start":{"line":295,"column":8},"end":{"line":295,"column":24}},"type":"binary-expr","locations":[{"start":{"line":295,"column":8},"end":{"line":295,"column":9}},{"start":{"line":295,"column":13},"end":{"line":295,"column":24}}],"line":295},"35":{"loc":{"start":{"line":311,"column":4},"end":{"line":311,"column":84}},"type":"if","locations":[{"start":{"line":311,"column":4},"end":{"line":311,"column":84}},{"start":{},"end":{}}],"line":311},"36":{"loc":{"start":{"line":332,"column":4},"end":{"line":335,"column":5}},"type":"if","locations":[{"start":{"line":332,"column":4},"end":{"line":335,"column":5}},{"start":{},"end":{}}],"line":332},"37":{"loc":{"start":{"line":344,"column":4},"end":{"line":385,"column":5}},"type":"if","locations":[{"start":{"line":344,"column":4},"end":{"line":385,"column":5}},{"start":{},"end":{}}],"line":344},"38":{"loc":{"start":{"line":344,"column":8},"end":{"line":344,"column":43}},"type":"binary-expr","locations":[{"start":{"line":344,"column":8},"end":{"line":344,"column":14}},{"start":{"line":344,"column":18},"end":{"line":344,"column":43}}],"line":344},"39":{"loc":{"start":{"line":345,"column":6},"end":{"line":348,"column":7}},"type":"if","locations":[{"start":{"line":345,"column":6},"end":{"line":348,"column":7}},{"start":{},"end":{}}],"line":345},"40":{"loc":{"start":{"line":345,"column":10},"end":{"line":345,"column":97}},"type":"binary-expr","locations":[{"start":{"line":345,"column":10},"end":{"line":345,"column":43}},{"start":{"line":345,"column":47},"end":{"line":345,"column":97}}],"line":345},"41":{"loc":{"start":{"line":353,"column":6},"end":{"line":381,"column":7}},"type":"if","locations":[{"start":{"line":353,"column":6},"end":{"line":381,"column":7}},{"start":{"line":365,"column":11},"end":{"line":381,"column":7}}],"line":353},"42":{"loc":{"start":{"line":365,"column":11},"end":{"line":381,"column":7}},"type":"if","locations":[{"start":{"line":365,"column":11},"end":{"line":381,"column":7}},{"start":{},"end":{}}],"line":365},"43":{"loc":{"start":{"line":388,"column":4},"end":{"line":388,"column":55}},"type":"if","locations":[{"start":{"line":388,"column":4},"end":{"line":388,"column":55}},{"start":{},"end":{}}],"line":388},"44":{"loc":{"start":{"line":417,"column":4},"end":{"line":417,"column":84}},"type":"if","locations":[{"start":{"line":417,"column":4},"end":{"line":417,"column":84}},{"start":{},"end":{}}],"line":417},"45":{"loc":{"start":{"line":418,"column":4},"end":{"line":420,"column":5}},"type":"if","locations":[{"start":{"line":418,"column":4},"end":{"line":420,"column":5}},{"start":{},"end":{}}],"line":418},"46":{"loc":{"start":{"line":435,"column":4},"end":{"line":435,"column":79}},"type":"if","locations":[{"start":{"line":435,"column":4},"end":{"line":435,"column":79}},{"start":{},"end":{}}],"line":435},"47":{"loc":{"start":{"line":450,"column":6},"end":{"line":456,"column":7}},"type":"if","locations":[{"start":{"line":450,"column":6},"end":{"line":456,"column":7}},{"start":{"line":452,"column":13},"end":{"line":456,"column":7}}],"line":450},"48":{"loc":{"start":{"line":452,"column":13},"end":{"line":456,"column":7}},"type":"if","locations":[{"start":{"line":452,"column":13},"end":{"line":456,"column":7}},{"start":{"line":454,"column":13},"end":{"line":456,"column":7}}],"line":452},"49":{"loc":{"start":{"line":452,"column":17},"end":{"line":452,"column":79}},"type":"binary-expr","locations":[{"start":{"line":452,"column":17},"end":{"line":452,"column":42}},{"start":{"line":452,"column":46},"end":{"line":452,"column":79}}],"line":452},"50":{"loc":{"start":{"line":454,"column":13},"end":{"line":456,"column":7}},"type":"if","locations":[{"start":{"line":454,"column":13},"end":{"line":456,"column":7}},{"start":{},"end":{}}],"line":454},"51":{"loc":{"start":{"line":454,"column":17},"end":{"line":454,"column":80}},"type":"binary-expr","locations":[{"start":{"line":454,"column":17},"end":{"line":454,"column":42}},{"start":{"line":454,"column":46},"end":{"line":454,"column":80}}],"line":454},"52":{"loc":{"start":{"line":463,"column":15},"end":{"line":463,"column":107}},"type":"cond-expr","locations":[{"start":{"line":463,"column":39},"end":{"line":463,"column":67}},{"start":{"line":463,"column":70},"end":{"line":463,"column":107}}],"line":463}},"s":{"0":0,"1":0,"2":0,"3":0,"4":0,"5":0,"6":0,"7":0,"8":0,"9":0,"10":0,"11":0,"12":0,"13":0,"14":0,"15":0,"16":0,"17":0,"18":0,"19":0,"20":0,"21":0,"22":0,"23":0,"24":0,"25":0,"26":0,"27":0,"28":0,"29":0,"30":0,"31":0,"32":0,"33":0,"34":0,"35":0,"36":0,"37":0,"38":0,"39":0,"40":0,"41":0,"42":0,"43":0,"44":0,"45":0,"46":0,"47":0,"48":0,"49":0,"50":0,"51":0,"52":0,"53":0,"54":0,"55":0,"56":0,"57":0,"58":0,"59":0,"60":0,"61":0,"62":0,"63":0,"64":0,"65":0,"66":0,"67":0,"68":0,"69":0,"70":0,"71":0,"72":0,"73":0,"74":0,"75":0,"76":0,"77":0,"78":0,"79":0,"80":0,"81":0,"82":0,"83":0,"84":0,"85":0,"86":0,"87":0,"88":0,"89":0,"90":0,"91":0,"92":0,"93":0,"94":0,"95":0,"96":0,"97":0,"98":0,"99":0,"100":0,"101":0,"102":0,"103":0,"104":0,"105":0,"106":0,"107":0,"108":0,"109":0,"110":0,"111":0,"112":0,"113":0,"114":0,"115":0,"116":0,"117":0,"118":0,"119":0,"120":0,"121":0,"122":0,"123":0,"124":0,"125":0,"126":0,"127":0,"128":0,"129":0,"130":0,"131":0,"132":0,"133":0,"134":0,"135":0,"136":0,"137":0,"138":0,"139":0,"140":0,"141":0,"142":0,"143":0,"144":0,"145":0,"146":0,"147":0,"148":0,"149":0,"150":0,"151":0,"152":0,"153":0,"154":0,"155":0,"156":0,"157":0,"158":0,"159":0,"160":0,"161":0,"162":0,"163":0,"164":0,"165":0,"166":0,"167":0,"168":0,"169":0,"170":0,"171":0,"172":0,"173":0,"174":0,"175":0,"176":0,"177":0,"178":0,"179":0,"180":0,"181":0,"182":0,"183":0,"184":0,"185":0,"186":0,"187":0,"188":0,"189":0,"190":0,"191":0,"192":0,"193":0,"194":0},"f":{"0":0,"1":0,"2":0,"3":0,"4":0,"5":0,"6":0,"7":0,"8":0,"9":0,"10":0,"11":0,"12":0,"13":0,"14":0,"15":0,"16":0,"17":0},"b":{"0":[0,0],"1":[0,0],"2":[0,0],"3":[0,0],"4":[0,0,0,0,0],"5":[0,0],"6":[0,0],"7":[0,0],"8":[0,0],"9":[0,0],"10":[0,0],"11":[0,0],"12":[0,0],"13":[0,0],"14":[0,0],"15":[0,0],"16":[0,0],"17":[0,0],"18":[0,0],"19":[0,0],"20":[0,0],"21":[0,0],"22":[0,0],"23":[0,0],"24":[0,0],"25":[0,0],"26":[0,0],"27":[0,0],"28":[0,0],"29":[0,0],"30":[0,0],"31":[0,0],"32":[0,0],"33":[0,0],"34":[0,0],"35":[0,0],"36":[0,0],"37":[0,0],"38":[0,0],"39":[0,0],"40":[0,0],"41":[0,0],"42":[0,0],"43":[0,0],"44":[0,0],"45":[0,0],"46":[0,0],"47":[0,0],"48":[0,0],"49":[0,0],"50":[0,0],"51":[0,0],"52":[0,0]}}
,"D:\\doanVEXE\\bus-booking-project\\backend\\src\\controllers\\busController.js": {"path":"D:\\doanVEXE\\bus-booking-project\\backend\\src\\controllers\\busController.js","statementMap":{"0":{"start":{"line":5,"column":27},"end":{"line":15,"column":1}},"1":{"start":{"line":6,"column":2},"end":{"line":14,"column":3}},"2":{"start":{"line":7,"column":18},"end":{"line":9,"column":6}},"3":{"start":{"line":10,"column":4},"end":{"line":10,"column":39}},"4":{"start":{"line":12,"column":4},"end":{"line":12,"column":60}},"5":{"start":{"line":13,"column":4},"end":{"line":13,"column":72}},"6":{"start":{"line":18,"column":26},"end":{"line":29,"column":1}},"7":{"start":{"line":19,"column":2},"end":{"line":28,"column":3}},"8":{"start":{"line":20,"column":16},"end":{"line":22,"column":6}},"9":{"start":{"line":23,"column":4},"end":{"line":23,"column":81}},"10":{"start":{"line":23,"column":14},"end":{"line":23,"column":81}},"11":{"start":{"line":24,"column":4},"end":{"line":24,"column":37}},"12":{"start":{"line":26,"column":4},"end":{"line":26,"column":50}},"13":{"start":{"line":27,"column":4},"end":{"line":27,"column":72}},"14":{"start":{"line":32,"column":25},"end":{"line":59,"column":1}},"15":{"start":{"line":33,"column":2},"end":{"line":58,"column":3}},"16":{"start":{"line":34,"column":77},"end":{"line":34,"column":85}},"17":{"start":{"line":36,"column":4},"end":{"line":38,"column":5}},"18":{"start":{"line":37,"column":6},"end":{"line":37,"column":85}},"19":{"start":{"line":41,"column":26},"end":{"line":41,"column":59}},"20":{"start":{"line":42,"column":4},"end":{"line":44,"column":5}},"21":{"start":{"line":43,"column":6},"end":{"line":43,"column":87}},"22":{"start":{"line":46,"column":19},"end":{"line":52,"column":6}},"23":{"start":{"line":54,"column":4},"end":{"line":54,"column":82}},"24":{"start":{"line":56,"column":4},"end":{"line":56,"column":50}},"25":{"start":{"line":57,"column":4},"end":{"line":57,"column":92}},"26":{"start":{"line":62,"column":25},"end":{"line":82,"column":1}},"27":{"start":{"line":63,"column":2},"end":{"line":81,"column":3}},"28":{"start":{"line":64,"column":77},"end":{"line":64,"column":85}},"29":{"start":{"line":65,"column":16},"end":{"line":65,"column":49}},"30":{"start":{"line":67,"column":4},"end":{"line":67,"column":76}},"31":{"start":{"line":67,"column":14},"end":{"line":67,"column":76}},"32":{"start":{"line":69,"column":4},"end":{"line":75,"column":7}},"33":{"start":{"line":77,"column":4},"end":{"line":77,"column":86}},"34":{"start":{"line":79,"column":4},"end":{"line":79,"column":55}},"35":{"start":{"line":80,"column":4},"end":{"line":80,"column":101}},"36":{"start":{"line":85,"column":25},"end":{"line":96,"column":1}},"37":{"start":{"line":86,"column":2},"end":{"line":95,"column":3}},"38":{"start":{"line":87,"column":16},"end":{"line":87,"column":49}},"39":{"start":{"line":88,"column":4},"end":{"line":88,"column":77}},"40":{"start":{"line":88,"column":14},"end":{"line":88,"column":77}},"41":{"start":{"line":90,"column":4},"end":{"line":90,"column":24}},"42":{"start":{"line":91,"column":4},"end":{"line":91,"column":84}},"43":{"start":{"line":93,"column":4},"end":{"line":93,"column":50}},"44":{"start":{"line":94,"column":4},"end":{"line":94,"column":100}}},"fnMap":{"0":{"name":"(anonymous_0)","decl":{"start":{"line":5,"column":27},"end":{"line":5,"column":28}},"loc":{"start":{"line":5,"column":47},"end":{"line":15,"column":1}},"line":5},"1":{"name":"(anonymous_1)","decl":{"start":{"line":18,"column":26},"end":{"line":18,"column":27}},"loc":{"start":{"line":18,"column":46},"end":{"line":29,"column":1}},"line":18},"2":{"name":"(anonymous_2)","decl":{"start":{"line":32,"column":25},"end":{"line":32,"column":26}},"loc":{"start":{"line":32,"column":45},"end":{"line":59,"column":1}},"line":32},"3":{"name":"(anonymous_3)","decl":{"start":{"line":62,"column":25},"end":{"line":62,"column":26}},"loc":{"start":{"line":62,"column":45},"end":{"line":82,"column":1}},"line":62},"4":{"name":"(anonymous_4)","decl":{"start":{"line":85,"column":25},"end":{"line":85,"column":26}},"loc":{"start":{"line":85,"column":45},"end":{"line":96,"column":1}},"line":85}},"branchMap":{"0":{"loc":{"start":{"line":23,"column":4},"end":{"line":23,"column":81}},"type":"if","locations":[{"start":{"line":23,"column":4},"end":{"line":23,"column":81}},{"start":{},"end":{}}],"line":23},"1":{"loc":{"start":{"line":36,"column":4},"end":{"line":38,"column":5}},"type":"if","locations":[{"start":{"line":36,"column":4},"end":{"line":38,"column":5}},{"start":{},"end":{}}],"line":36},"2":{"loc":{"start":{"line":36,"column":8},"end":{"line":36,"column":35}},"type":"binary-expr","locations":[{"start":{"line":36,"column":8},"end":{"line":36,"column":21}},{"start":{"line":36,"column":25},"end":{"line":36,"column":35}}],"line":36},"3":{"loc":{"start":{"line":42,"column":4},"end":{"line":44,"column":5}},"type":"if","locations":[{"start":{"line":42,"column":4},"end":{"line":44,"column":5}},{"start":{},"end":{}}],"line":42},"4":{"loc":{"start":{"line":49,"column":18},"end":{"line":49,"column":36}},"type":"binary-expr","locations":[{"start":{"line":49,"column":18},"end":{"line":49,"column":28}},{"start":{"line":49,"column":32},"end":{"line":49,"column":36}}],"line":49},"5":{"loc":{"start":{"line":50,"column":14},"end":{"line":50,"column":32}},"type":"binary-expr","locations":[{"start":{"line":50,"column":14},"end":{"line":50,"column":20}},{"start":{"line":50,"column":24},"end":{"line":50,"column":32}}],"line":50},"6":{"loc":{"start":{"line":51,"column":23},"end":{"line":51,"column":46}},"type":"binary-expr","locations":[{"start":{"line":51,"column":23},"end":{"line":51,"column":38}},{"start":{"line":51,"column":42},"end":{"line":51,"column":46}}],"line":51},"7":{"loc":{"start":{"line":67,"column":4},"end":{"line":67,"column":76}},"type":"if","locations":[{"start":{"line":67,"column":4},"end":{"line":67,"column":76}},{"start":{},"end":{}}],"line":67},"8":{"loc":{"start":{"line":88,"column":4},"end":{"line":88,"column":77}},"type":"if","locations":[{"start":{"line":88,"column":4},"end":{"line":88,"column":77}},{"start":{},"end":{}}],"line":88}},"s":{"0":0,"1":0,"2":0,"3":0,"4":0,"5":0,"6":0,"7":0,"8":0,"9":0,"10":0,"11":0,"12":0,"13":0,"14":0,"15":0,"16":0,"17":0,"18":0,"19":0,"20":0,"21":0,"22":0,"23":0,"24":0,"25":0,"26":0,"27":0,"28":0,"29":0,"30":0,"31":0,"32":0,"33":0,"34":0,"35":0,"36":0,"37":0,"38":0,"39":0,"40":0,"41":0,"42":0,"43":0,"44":0},"f":{"0":0,"1":0,"2":0,"3":0,"4":0},"b":{"0":[0,0],"1":[0,0],"2":[0,0],"3":[0,0],"4":[0,0],"5":[0,0],"6":[0,0],"7":[0,0],"8":[0,0]}}
,"D:\\doanVEXE\\bus-booking-project\\backend\\src\\controllers\\busTypeController.js": {"path":"D:\\doanVEXE\\bus-booking-project\\backend\\src\\controllers\\busTypeController.js","statementMap":{"0":{"start":{"line":4,"column":30},"end":{"line":12,"column":1}},"1":{"start":{"line":5,"column":2},"end":{"line":11,"column":3}},"2":{"start":{"line":6,"column":21},"end":{"line":6,"column":44}},"3":{"start":{"line":7,"column":4},"end":{"line":7,"column":42}},"4":{"start":{"line":9,"column":4},"end":{"line":9,"column":59}},"5":{"start":{"line":10,"column":4},"end":{"line":10,"column":72}},"6":{"start":{"line":15,"column":30},"end":{"line":26,"column":1}},"7":{"start":{"line":16,"column":2},"end":{"line":25,"column":3}},"8":{"start":{"line":17,"column":20},"end":{"line":17,"column":57}},"9":{"start":{"line":18,"column":4},"end":{"line":20,"column":5}},"10":{"start":{"line":19,"column":6},"end":{"line":19,"column":78}},"11":{"start":{"line":21,"column":4},"end":{"line":21,"column":41}},"12":{"start":{"line":23,"column":4},"end":{"line":23,"column":58}},"13":{"start":{"line":24,"column":4},"end":{"line":24,"column":72}},"14":{"start":{"line":29,"column":29},"end":{"line":42,"column":1}},"15":{"start":{"line":30,"column":2},"end":{"line":41,"column":3}},"16":{"start":{"line":31,"column":49},"end":{"line":31,"column":57}},"17":{"start":{"line":32,"column":4},"end":{"line":34,"column":5}},"18":{"start":{"line":33,"column":6},"end":{"line":33,"column":99}},"19":{"start":{"line":36,"column":23},"end":{"line":36,"column":81}},"20":{"start":{"line":37,"column":4},"end":{"line":37,"column":89}},"21":{"start":{"line":39,"column":4},"end":{"line":39,"column":49}},"22":{"start":{"line":40,"column":4},"end":{"line":40,"column":79}},"23":{"start":{"line":45,"column":29},"end":{"line":60,"column":1}},"24":{"start":{"line":46,"column":2},"end":{"line":59,"column":3}},"25":{"start":{"line":47,"column":49},"end":{"line":47,"column":57}},"26":{"start":{"line":48,"column":20},"end":{"line":48,"column":57}},"27":{"start":{"line":50,"column":4},"end":{"line":52,"column":5}},"28":{"start":{"line":51,"column":6},"end":{"line":51,"column":90}},"29":{"start":{"line":54,"column":4},"end":{"line":54,"column":63}},"30":{"start":{"line":55,"column":4},"end":{"line":55,"column":83}},"31":{"start":{"line":57,"column":4},"end":{"line":57,"column":54}},"32":{"start":{"line":58,"column":4},"end":{"line":58,"column":72}},"33":{"start":{"line":63,"column":29},"end":{"line":77,"column":1}},"34":{"start":{"line":64,"column":2},"end":{"line":76,"column":3}},"35":{"start":{"line":65,"column":20},"end":{"line":65,"column":57}},"36":{"start":{"line":66,"column":4},"end":{"line":68,"column":5}},"37":{"start":{"line":67,"column":6},"end":{"line":67,"column":85}},"38":{"start":{"line":70,"column":4},"end":{"line":70,"column":28}},"39":{"start":{"line":71,"column":4},"end":{"line":71,"column":72}},"40":{"start":{"line":73,"column":4},"end":{"line":73,"column":49}},"41":{"start":{"line":75,"column":4},"end":{"line":75,"column":108}}},"fnMap":{"0":{"name":"(anonymous_0)","decl":{"start":{"line":4,"column":30},"end":{"line":4,"column":31}},"loc":{"start":{"line":4,"column":50},"end":{"line":12,"column":1}},"line":4},"1":{"name":"(anonymous_1)","decl":{"start":{"line":15,"column":30},"end":{"line":15,"column":31}},"loc":{"start":{"line":15,"column":50},"end":{"line":26,"column":1}},"line":15},"2":{"name":"(anonymous_2)","decl":{"start":{"line":29,"column":29},"end":{"line":29,"column":30}},"loc":{"start":{"line":29,"column":49},"end":{"line":42,"column":1}},"line":29},"3":{"name":"(anonymous_3)","decl":{"start":{"line":45,"column":29},"end":{"line":45,"column":30}},"loc":{"start":{"line":45,"column":49},"end":{"line":60,"column":1}},"line":45},"4":{"name":"(anonymous_4)","decl":{"start":{"line":63,"column":29},"end":{"line":63,"column":30}},"loc":{"start":{"line":63,"column":49},"end":{"line":77,"column":1}},"line":63}},"branchMap":{"0":{"loc":{"start":{"line":18,"column":4},"end":{"line":20,"column":5}},"type":"if","locations":[{"start":{"line":18,"column":4},"end":{"line":20,"column":5}},{"start":{},"end":{}}],"line":18},"1":{"loc":{"start":{"line":32,"column":4},"end":{"line":34,"column":5}},"type":"if","locations":[{"start":{"line":32,"column":4},"end":{"line":34,"column":5}},{"start":{},"end":{}}],"line":32},"2":{"loc":{"start":{"line":32,"column":8},"end":{"line":32,"column":32}},"type":"binary-expr","locations":[{"start":{"line":32,"column":8},"end":{"line":32,"column":17}},{"start":{"line":32,"column":21},"end":{"line":32,"column":32}}],"line":32},"3":{"loc":{"start":{"line":50,"column":4},"end":{"line":52,"column":5}},"type":"if","locations":[{"start":{"line":50,"column":4},"end":{"line":52,"column":5}},{"start":{},"end":{}}],"line":50},"4":{"loc":{"start":{"line":66,"column":4},"end":{"line":68,"column":5}},"type":"if","locations":[{"start":{"line":66,"column":4},"end":{"line":68,"column":5}},{"start":{},"end":{}}],"line":66}},"s":{"0":0,"1":0,"2":0,"3":0,"4":0,"5":0,"6":0,"7":0,"8":0,"9":0,"10":0,"11":0,"12":0,"13":0,"14":0,"15":0,"16":0,"17":0,"18":0,"19":0,"20":0,"21":0,"22":0,"23":0,"24":0,"25":0,"26":0,"27":0,"28":0,"29":0,"30":0,"31":0,"32":0,"33":0,"34":0,"35":0,"36":0,"37":0,"38":0,"39":0,"40":0,"41":0},"f":{"0":0,"1":0,"2":0,"3":0,"4":0},"b":{"0":[0,0],"1":[0,0],"2":[0,0],"3":[0,0],"4":[0,0]}}
,"D:\\doanVEXE\\bus-booking-project\\backend\\src\\controllers\\paymentController.js": {"path":"D:\\doanVEXE\\bus-booking-project\\backend\\src\\controllers\\paymentController.js","statementMap":{"0":{"start":{"line":11,"column":22},"end":{"line":11,"column":75}},"1":{"start":{"line":14,"column":14},"end":{"line":22,"column":2}},"2":{"start":{"line":24,"column":32},"end":{"line":49,"column":1}},"3":{"start":{"line":25,"column":4},"end":{"line":48,"column":5}},"4":{"start":{"line":26,"column":48},"end":{"line":26,"column":56}},"5":{"start":{"line":29,"column":23},"end":{"line":29,"column":128}},"6":{"start":{"line":32,"column":26},"end":{"line":41,"column":10}},"7":{"start":{"line":43,"column":8},"end":{"line":43,"column":63}},"8":{"start":{"line":46,"column":8},"end":{"line":46,"column":51}},"9":{"start":{"line":47,"column":8},"end":{"line":47,"column":87}},"10":{"start":{"line":51,"column":27},"end":{"line":163,"column":1}},"11":{"start":{"line":52,"column":4},"end":{"line":162,"column":5}},"12":{"start":{"line":54,"column":25},"end":{"line":54,"column":34}},"13":{"start":{"line":57,"column":27},"end":{"line":57,"column":60}},"14":{"start":{"line":59,"column":8},"end":{"line":65,"column":9}},"15":{"start":{"line":60,"column":12},"end":{"line":60,"column":72}},"16":{"start":{"line":61,"column":12},"end":{"line":64,"column":15}},"17":{"start":{"line":67,"column":26},"end":{"line":67,"column":50}},"18":{"start":{"line":68,"column":29},"end":{"line":68,"column":59}},"19":{"start":{"line":71,"column":24},"end":{"line":71,"column":71}},"20":{"start":{"line":72,"column":24},"end":{"line":78,"column":10}},"21":{"start":{"line":80,"column":8},"end":{"line":85,"column":9}},"22":{"start":{"line":81,"column":12},"end":{"line":84,"column":15}},"23":{"start":{"line":88,"column":8},"end":{"line":154,"column":9}},"24":{"start":{"line":90,"column":12},"end":{"line":116,"column":13}},"25":{"start":{"line":92,"column":16},"end":{"line":92,"column":43}},"26":{"start":{"line":93,"column":16},"end":{"line":93,"column":53}},"27":{"start":{"line":94,"column":16},"end":{"line":94,"column":37}},"28":{"start":{"line":97,"column":16},"end":{"line":97,"column":57}},"29":{"start":{"line":98,"column":16},"end":{"line":98,"column":36}},"30":{"start":{"line":100,"column":16},"end":{"line":115,"column":17}},"31":{"start":{"line":101,"column":37},"end":{"line":101,"column":92}},"32":{"start":{"line":101,"column":62},"end":{"line":101,"column":80}},"33":{"start":{"line":103,"column":38},"end":{"line":111,"column":21}},"34":{"start":{"line":114,"column":20},"end":{"line":114,"column":47}},"35":{"start":{"line":119,"column":12},"end":{"line":122,"column":15}},"36":{"start":{"line":126,"column":12},"end":{"line":147,"column":13}},"37":{"start":{"line":127,"column":16},"end":{"line":127,"column":42}},"38":{"start":{"line":128,"column":16},"end":{"line":128,"column":37}},"39":{"start":{"line":130,"column":16},"end":{"line":130,"column":45}},"40":{"start":{"line":131,"column":16},"end":{"line":131,"column":37}},"41":{"start":{"line":134,"column":16},"end":{"line":146,"column":17}},"42":{"start":{"line":135,"column":20},"end":{"line":145,"column":22}},"43":{"start":{"line":137,"column":28},"end":{"line":137,"column":56}},"44":{"start":{"line":138,"column":28},"end":{"line":138,"column":48}},"45":{"start":{"line":139,"column":28},"end":{"line":143,"column":29}},"46":{"start":{"line":140,"column":32},"end":{"line":140,"column":65}},"47":{"start":{"line":141,"column":32},"end":{"line":141,"column":64}},"48":{"start":{"line":142,"column":32},"end":{"line":142,"column":57}},"49":{"start":{"line":150,"column":12},"end":{"line":153,"column":15}},"50":{"start":{"line":157,"column":8},"end":{"line":157,"column":59}},"51":{"start":{"line":158,"column":8},"end":{"line":161,"column":11}},"52":{"start":{"line":166,"column":30},"end":{"line":188,"column":1}},"53":{"start":{"line":167,"column":2},"end":{"line":187,"column":3}},"54":{"start":{"line":168,"column":49},"end":{"line":168,"column":58}},"55":{"start":{"line":170,"column":18},"end":{"line":170,"column":20}},"56":{"start":{"line":171,"column":4},"end":{"line":171,"column":38}},"57":{"start":{"line":171,"column":16},"end":{"line":171,"column":38}},"58":{"start":{"line":172,"column":4},"end":{"line":172,"column":59}},"59":{"start":{"line":172,"column":23},"end":{"line":172,"column":59}},"60":{"start":{"line":173,"column":4},"end":{"line":173,"column":47}},"61":{"start":{"line":173,"column":19},"end":{"line":173,"column":47}},"62":{"start":{"line":175,"column":21},"end":{"line":181,"column":6}},"63":{"start":{"line":183,"column":4},"end":{"line":183,"column":42}},"64":{"start":{"line":185,"column":4},"end":{"line":185,"column":52}},"65":{"start":{"line":186,"column":4},"end":{"line":186,"column":92}},"66":{"start":{"line":191,"column":29},"end":{"line":219,"column":1}},"67":{"start":{"line":192,"column":2},"end":{"line":218,"column":3}},"68":{"start":{"line":193,"column":49},"end":{"line":193,"column":57}},"69":{"start":{"line":195,"column":4},"end":{"line":197,"column":5}},"70":{"start":{"line":196,"column":6},"end":{"line":196,"column":105}},"71":{"start":{"line":199,"column":20},"end":{"line":199,"column":53}},"72":{"start":{"line":200,"column":4},"end":{"line":200,"column":84}},"73":{"start":{"line":200,"column":18},"end":{"line":200,"column":84}},"74":{"start":{"line":202,"column":28},"end":{"line":202,"column":75}},"75":{"start":{"line":203,"column":4},"end":{"line":203,"column":102}},"76":{"start":{"line":203,"column":25},"end":{"line":203,"column":102}},"77":{"start":{"line":205,"column":4},"end":{"line":205,"column":89}},"78":{"start":{"line":205,"column":21},"end":{"line":205,"column":89}},"79":{"start":{"line":207,"column":4},"end":{"line":209,"column":5}},"80":{"start":{"line":208,"column":6},"end":{"line":208,"column":110}},"81":{"start":{"line":211,"column":20},"end":{"line":211,"column":97}},"82":{"start":{"line":212,"column":17},"end":{"line":212,"column":101}},"83":{"start":{"line":214,"column":4},"end":{"line":214,"column":87}},"84":{"start":{"line":216,"column":4},"end":{"line":216,"column":52}},"85":{"start":{"line":217,"column":4},"end":{"line":217,"column":82}},"86":{"start":{"line":222,"column":30},"end":{"line":233,"column":1}},"87":{"start":{"line":223,"column":2},"end":{"line":232,"column":3}},"88":{"start":{"line":224,"column":20},"end":{"line":226,"column":6}},"89":{"start":{"line":227,"column":4},"end":{"line":227,"column":88}},"90":{"start":{"line":227,"column":18},"end":{"line":227,"column":88}},"91":{"start":{"line":228,"column":4},"end":{"line":228,"column":41}},"92":{"start":{"line":230,"column":4},"end":{"line":230,"column":51}},"93":{"start":{"line":231,"column":4},"end":{"line":231,"column":92}},"94":{"start":{"line":236,"column":29},"end":{"line":276,"column":1}},"95":{"start":{"line":237,"column":2},"end":{"line":275,"column":3}},"96":{"start":{"line":238,"column":19},"end":{"line":238,"column":29}},"97":{"start":{"line":239,"column":40},"end":{"line":239,"column":48}},"98":{"start":{"line":241,"column":20},"end":{"line":241,"column":46}},"99":{"start":{"line":242,"column":4},"end":{"line":242,"column":88}},"100":{"start":{"line":242,"column":18},"end":{"line":242,"column":88}},"101":{"start":{"line":244,"column":29},"end":{"line":249,"column":5}},"102":{"start":{"line":251,"column":4},"end":{"line":253,"column":5}},"103":{"start":{"line":252,"column":6},"end":{"line":252,"column":108}},"104":{"start":{"line":255,"column":4},"end":{"line":258,"column":5}},"105":{"start":{"line":256,"column":6},"end":{"line":256,"column":30}},"106":{"start":{"line":257,"column":6},"end":{"line":257,"column":69}},"107":{"start":{"line":257,"column":32},"end":{"line":257,"column":69}},"108":{"start":{"line":259,"column":4},"end":{"line":261,"column":5}},"109":{"start":{"line":260,"column":6},"end":{"line":260,"column":58}},"110":{"start":{"line":263,"column":4},"end":{"line":263,"column":25}},"111":{"start":{"line":266,"column":4},"end":{"line":268,"column":5}},"112":{"start":{"line":267,"column":6},"end":{"line":267,"column":55}},"113":{"start":{"line":270,"column":20},"end":{"line":270,"column":96}},"114":{"start":{"line":271,"column":4},"end":{"line":271,"column":95}},"115":{"start":{"line":273,"column":4},"end":{"line":273,"column":52}},"116":{"start":{"line":274,"column":4},"end":{"line":274,"column":87}},"117":{"start":{"line":279,"column":30},"end":{"line":299,"column":1}},"118":{"start":{"line":280,"column":2},"end":{"line":298,"column":3}},"119":{"start":{"line":281,"column":20},"end":{"line":281,"column":57}},"120":{"start":{"line":282,"column":4},"end":{"line":282,"column":88}},"121":{"start":{"line":282,"column":18},"end":{"line":282,"column":88}},"122":{"start":{"line":283,"column":4},"end":{"line":285,"column":5}},"123":{"start":{"line":284,"column":6},"end":{"line":284,"column":113}},"124":{"start":{"line":287,"column":4},"end":{"line":287,"column":31}},"125":{"start":{"line":288,"column":4},"end":{"line":288,"column":41}},"126":{"start":{"line":289,"column":4},"end":{"line":289,"column":25}},"127":{"start":{"line":291,"column":4},"end":{"line":291,"column":53}},"128":{"start":{"line":293,"column":20},"end":{"line":293,"column":104}},"129":{"start":{"line":294,"column":4},"end":{"line":294,"column":96}},"130":{"start":{"line":296,"column":4},"end":{"line":296,"column":53}},"131":{"start":{"line":297,"column":4},"end":{"line":297,"column":88}},"132":{"start":{"line":302,"column":29},"end":{"line":319,"column":1}},"133":{"start":{"line":303,"column":2},"end":{"line":318,"column":3}},"134":{"start":{"line":304,"column":20},"end":{"line":304,"column":57}},"135":{"start":{"line":305,"column":4},"end":{"line":305,"column":88}},"136":{"start":{"line":305,"column":18},"end":{"line":305,"column":88}},"137":{"start":{"line":306,"column":4},"end":{"line":308,"column":5}},"138":{"start":{"line":307,"column":6},"end":{"line":307,"column":111}},"139":{"start":{"line":310,"column":4},"end":{"line":310,"column":30}},"140":{"start":{"line":311,"column":4},"end":{"line":311,"column":25}},"141":{"start":{"line":313,"column":20},"end":{"line":313,"column":104}},"142":{"start":{"line":314,"column":4},"end":{"line":314,"column":94}},"143":{"start":{"line":316,"column":4},"end":{"line":316,"column":53}},"144":{"start":{"line":317,"column":4},"end":{"line":317,"column":86}},"145":{"start":{"line":322,"column":29},"end":{"line":366,"column":1}},"146":{"start":{"line":323,"column":2},"end":{"line":365,"column":3}},"147":{"start":{"line":324,"column":20},"end":{"line":324,"column":57}},"148":{"start":{"line":325,"column":4},"end":{"line":325,"column":88}},"149":{"start":{"line":325,"column":18},"end":{"line":325,"column":88}},"150":{"start":{"line":326,"column":4},"end":{"line":328,"column":5}},"151":{"start":{"line":327,"column":6},"end":{"line":327,"column":102}},"152":{"start":{"line":330,"column":20},"end":{"line":332,"column":6}},"153":{"start":{"line":333,"column":4},"end":{"line":333,"column":84}},"154":{"start":{"line":333,"column":18},"end":{"line":333,"column":84}},"155":{"start":{"line":336,"column":4},"end":{"line":336,"column":32}},"156":{"start":{"line":337,"column":4},"end":{"line":337,"column":25}},"157":{"start":{"line":340,"column":4},"end":{"line":340,"column":33}},"158":{"start":{"line":341,"column":4},"end":{"line":341,"column":25}},"159":{"start":{"line":344,"column":4},"end":{"line":356,"column":5}},"160":{"start":{"line":345,"column":6},"end":{"line":355,"column":8}},"161":{"start":{"line":347,"column":10},"end":{"line":347,"column":38}},"162":{"start":{"line":348,"column":10},"end":{"line":348,"column":30}},"163":{"start":{"line":349,"column":10},"end":{"line":353,"column":11}},"164":{"start":{"line":350,"column":12},"end":{"line":350,"column":45}},"165":{"start":{"line":351,"column":12},"end":{"line":351,"column":44}},"166":{"start":{"line":352,"column":12},"end":{"line":352,"column":37}},"167":{"start":{"line":358,"column":20},"end":{"line":360,"column":6}},"168":{"start":{"line":361,"column":4},"end":{"line":361,"column":109}},"169":{"start":{"line":363,"column":4},"end":{"line":363,"column":53}},"170":{"start":{"line":364,"column":4},"end":{"line":364,"column":77}},"171":{"start":{"line":369,"column":35},"end":{"line":383,"column":1}},"172":{"start":{"line":370,"column":2},"end":{"line":382,"column":3}},"173":{"start":{"line":371,"column":26},"end":{"line":371,"column":36}},"174":{"start":{"line":372,"column":20},"end":{"line":372,"column":53}},"175":{"start":{"line":373,"column":4},"end":{"line":373,"column":84}},"176":{"start":{"line":373,"column":18},"end":{"line":373,"column":84}},"177":{"start":{"line":375,"column":20},"end":{"line":375,"column":67}},"178":{"start":{"line":376,"column":4},"end":{"line":376,"column":104}},"179":{"start":{"line":376,"column":18},"end":{"line":376,"column":104}},"180":{"start":{"line":378,"column":4},"end":{"line":378,"column":41}},"181":{"start":{"line":380,"column":4},"end":{"line":380,"column":62}},"182":{"start":{"line":381,"column":4},"end":{"line":381,"column":82}},"183":{"start":{"line":387,"column":30},"end":{"line":431,"column":1}},"184":{"start":{"line":388,"column":2},"end":{"line":430,"column":3}},"185":{"start":{"line":389,"column":20},"end":{"line":389,"column":57}},"186":{"start":{"line":390,"column":4},"end":{"line":390,"column":88}},"187":{"start":{"line":390,"column":18},"end":{"line":390,"column":88}},"188":{"start":{"line":392,"column":4},"end":{"line":394,"column":5}},"189":{"start":{"line":393,"column":6},"end":{"line":393,"column":85}},"190":{"start":{"line":395,"column":4},"end":{"line":397,"column":5}},"191":{"start":{"line":396,"column":6},"end":{"line":396,"column":106}},"192":{"start":{"line":398,"column":4},"end":{"line":400,"column":5}},"193":{"start":{"line":399,"column":6},"end":{"line":399,"column":101}},"194":{"start":{"line":402,"column":30},"end":{"line":402,"column":38}},"195":{"start":{"line":403,"column":4},"end":{"line":405,"column":5}},"196":{"start":{"line":404,"column":6},"end":{"line":404,"column":110}},"197":{"start":{"line":408,"column":4},"end":{"line":408,"column":62}},"198":{"start":{"line":408,"column":35},"end":{"line":408,"column":60}},"199":{"start":{"line":411,"column":4},"end":{"line":411,"column":31}},"200":{"start":{"line":412,"column":4},"end":{"line":412,"column":67}},"201":{"start":{"line":413,"column":4},"end":{"line":413,"column":41}},"202":{"start":{"line":414,"column":4},"end":{"line":414,"column":25}},"203":{"start":{"line":417,"column":4},"end":{"line":417,"column":53}},"204":{"start":{"line":419,"column":20},"end":{"line":421,"column":6}},"205":{"start":{"line":423,"column":4},"end":{"line":426,"column":7}},"206":{"start":{"line":428,"column":4},"end":{"line":428,"column":47}},"207":{"start":{"line":429,"column":4},"end":{"line":429,"column":84}},"208":{"start":{"line":435,"column":18},"end":{"line":437,"column":4}},"209":{"start":{"line":438,"column":2},"end":{"line":453,"column":3}},"210":{"start":{"line":439,"column":4},"end":{"line":439,"column":28}},"211":{"start":{"line":440,"column":4},"end":{"line":440,"column":25}},"212":{"start":{"line":442,"column":4},"end":{"line":452,"column":5}},"213":{"start":{"line":443,"column":6},"end":{"line":451,"column":8}},"214":{"start":{"line":445,"column":10},"end":{"line":449,"column":11}},"215":{"start":{"line":446,"column":12},"end":{"line":446,"column":42}},"216":{"start":{"line":447,"column":12},"end":{"line":447,"column":44}},"217":{"start":{"line":448,"column":12},"end":{"line":448,"column":38}}},"fnMap":{"0":{"name":"(anonymous_0)","decl":{"start":{"line":24,"column":32},"end":{"line":24,"column":33}},"loc":{"start":{"line":24,"column":46},"end":{"line":49,"column":1}},"line":24},"1":{"name":"(anonymous_1)","decl":{"start":{"line":51,"column":27},"end":{"line":51,"column":28}},"loc":{"start":{"line":51,"column":47},"end":{"line":163,"column":1}},"line":51},"2":{"name":"(anonymous_2)","decl":{"start":{"line":101,"column":57},"end":{"line":101,"column":58}},"loc":{"start":{"line":101,"column":62},"end":{"line":101,"column":80}},"line":101},"3":{"name":"(anonymous_3)","decl":{"start":{"line":136,"column":44},"end":{"line":136,"column":45}},"loc":{"start":{"line":136,"column":62},"end":{"line":144,"column":25}},"line":136},"4":{"name":"(anonymous_4)","decl":{"start":{"line":166,"column":30},"end":{"line":166,"column":31}},"loc":{"start":{"line":166,"column":50},"end":{"line":188,"column":1}},"line":166},"5":{"name":"(anonymous_5)","decl":{"start":{"line":191,"column":29},"end":{"line":191,"column":30}},"loc":{"start":{"line":191,"column":49},"end":{"line":219,"column":1}},"line":191},"6":{"name":"(anonymous_6)","decl":{"start":{"line":222,"column":30},"end":{"line":222,"column":31}},"loc":{"start":{"line":222,"column":50},"end":{"line":233,"column":1}},"line":222},"7":{"name":"(anonymous_7)","decl":{"start":{"line":236,"column":29},"end":{"line":236,"column":30}},"loc":{"start":{"line":236,"column":49},"end":{"line":276,"column":1}},"line":236},"8":{"name":"(anonymous_8)","decl":{"start":{"line":279,"column":30},"end":{"line":279,"column":31}},"loc":{"start":{"line":279,"column":50},"end":{"line":299,"column":1}},"line":279},"9":{"name":"(anonymous_9)","decl":{"start":{"line":302,"column":29},"end":{"line":302,"column":30}},"loc":{"start":{"line":302,"column":49},"end":{"line":319,"column":1}},"line":302},"10":{"name":"(anonymous_10)","decl":{"start":{"line":322,"column":29},"end":{"line":322,"column":30}},"loc":{"start":{"line":322,"column":49},"end":{"line":366,"column":1}},"line":322},"11":{"name":"(anonymous_11)","decl":{"start":{"line":346,"column":28},"end":{"line":346,"column":29}},"loc":{"start":{"line":346,"column":46},"end":{"line":354,"column":9}},"line":346},"12":{"name":"(anonymous_12)","decl":{"start":{"line":369,"column":35},"end":{"line":369,"column":36}},"loc":{"start":{"line":369,"column":55},"end":{"line":383,"column":1}},"line":369},"13":{"name":"(anonymous_13)","decl":{"start":{"line":387,"column":30},"end":{"line":387,"column":31}},"loc":{"start":{"line":387,"column":50},"end":{"line":431,"column":1}},"line":387},"14":{"name":"(anonymous_14)","decl":{"start":{"line":408,"column":22},"end":{"line":408,"column":23}},"loc":{"start":{"line":408,"column":35},"end":{"line":408,"column":60}},"line":408},"15":{"name":"_confirmBookingAndSeats","decl":{"start":{"line":434,"column":15},"end":{"line":434,"column":38}},"loc":{"start":{"line":434,"column":50},"end":{"line":454,"column":1}},"line":434},"16":{"name":"(anonymous_16)","decl":{"start":{"line":444,"column":28},"end":{"line":444,"column":29}},"loc":{"start":{"line":444,"column":40},"end":{"line":450,"column":9}},"line":444}},"branchMap":{"0":{"loc":{"start":{"line":29,"column":23},"end":{"line":29,"column":128}},"type":"binary-expr","locations":[{"start":{"line":29,"column":23},"end":{"line":29,"column":53}},{"start":{"line":29,"column":57},"end":{"line":29,"column":85}},{"start":{"line":29,"column":89},"end":{"line":29,"column":113}},{"start":{"line":29,"column":117},"end":{"line":29,"column":128}}],"line":29},"1":{"loc":{"start":{"line":40,"column":16},"end":{"line":40,"column":54}},"type":"binary-expr","locations":[{"start":{"line":40,"column":16},"end":{"line":40,"column":24}},{"start":{"line":40,"column":28},"end":{"line":40,"column":54}}],"line":40},"2":{"loc":{"start":{"line":59,"column":8},"end":{"line":65,"column":9}},"type":"if","locations":[{"start":{"line":59,"column":8},"end":{"line":65,"column":9}},{"start":{},"end":{}}],"line":59},"3":{"loc":{"start":{"line":80,"column":8},"end":{"line":85,"column":9}},"type":"if","locations":[{"start":{"line":80,"column":8},"end":{"line":85,"column":9}},{"start":{},"end":{}}],"line":80},"4":{"loc":{"start":{"line":80,"column":12},"end":{"line":80,"column":32}},"type":"binary-expr","locations":[{"start":{"line":80,"column":12},"end":{"line":80,"column":20}},{"start":{"line":80,"column":24},"end":{"line":80,"column":32}}],"line":80},"5":{"loc":{"start":{"line":88,"column":8},"end":{"line":154,"column":9}},"type":"if","locations":[{"start":{"line":88,"column":8},"end":{"line":154,"column":9}},{"start":{"line":124,"column":15},"end":{"line":154,"column":9}}],"line":88},"6":{"loc":{"start":{"line":90,"column":12},"end":{"line":116,"column":13}},"type":"if","locations":[{"start":{"line":90,"column":12},"end":{"line":116,"column":13}},{"start":{},"end":{}}],"line":90},"7":{"loc":{"start":{"line":100,"column":16},"end":{"line":115,"column":17}},"type":"if","locations":[{"start":{"line":100,"column":16},"end":{"line":115,"column":17}},{"start":{},"end":{}}],"line":100},"8":{"loc":{"start":{"line":100,"column":20},"end":{"line":100,"column":54}},"type":"binary-expr","locations":[{"start":{"line":100,"column":20},"end":{"line":100,"column":32}},{"start":{"line":100,"column":36},"end":{"line":100,"column":54}}],"line":100},"9":{"loc":{"start":{"line":105,"column":39},"end":{"line":105,"column":97}},"type":"binary-expr","locations":[{"start":{"line":105,"column":39},"end":{"line":105,"column":72}},{"start":{"line":105,"column":76},"end":{"line":105,"column":97}}],"line":105},"10":{"loc":{"start":{"line":106,"column":37},"end":{"line":106,"column":85}},"type":"binary-expr","locations":[{"start":{"line":106,"column":37},"end":{"line":106,"column":63}},{"start":{"line":106,"column":67},"end":{"line":106,"column":85}}],"line":106},"11":{"loc":{"start":{"line":126,"column":12},"end":{"line":147,"column":13}},"type":"if","locations":[{"start":{"line":126,"column":12},"end":{"line":147,"column":13}},{"start":{},"end":{}}],"line":126},"12":{"loc":{"start":{"line":134,"column":16},"end":{"line":146,"column":17}},"type":"if","locations":[{"start":{"line":134,"column":16},"end":{"line":146,"column":17}},{"start":{},"end":{}}],"line":134},"13":{"loc":{"start":{"line":139,"column":28},"end":{"line":143,"column":29}},"type":"if","locations":[{"start":{"line":139,"column":28},"end":{"line":143,"column":29}},{"start":{},"end":{}}],"line":139},"14":{"loc":{"start":{"line":171,"column":4},"end":{"line":171,"column":38}},"type":"if","locations":[{"start":{"line":171,"column":4},"end":{"line":171,"column":38}},{"start":{},"end":{}}],"line":171},"15":{"loc":{"start":{"line":172,"column":4},"end":{"line":172,"column":59}},"type":"if","locations":[{"start":{"line":172,"column":4},"end":{"line":172,"column":59}},{"start":{},"end":{}}],"line":172},"16":{"loc":{"start":{"line":173,"column":4},"end":{"line":173,"column":47}},"type":"if","locations":[{"start":{"line":173,"column":4},"end":{"line":173,"column":47}},{"start":{},"end":{}}],"line":173},"17":{"loc":{"start":{"line":195,"column":4},"end":{"line":197,"column":5}},"type":"if","locations":[{"start":{"line":195,"column":4},"end":{"line":197,"column":5}},{"start":{},"end"
[...]
,"D:\\doanVEXE\\bus-booking-project\\backend\\src\\models\\Bus.js": {"path":"D:\\doanVEXE\\bus-booking-project\\backend\\src\\models\\Bus.js","statementMap":{"0":{"start":{"line":5,"column":12},"end":{"line":40,"column":2}},"1":{"start":{"line":43,"column":0},"end":{"line":43,"column":91}},"2":{"start":{"line":44,"column":0},"end":{"line":44,"column":91}}},"fnMap":{},"branchMap":{},"s":{"0":0,"1":0,"2":0},"f":{},"b":{}}
,"D:\\doanVEXE\\bus-booking-project\\backend\\src\\models\\BusType.js": {"path":"D:\\doanVEXE\\bus-booking-project\\backend\\src\\models\\BusType.js","statementMap":{"0":{"start":{"line":4,"column":16},"end":{"line":28,"column":2}}},"fnMap":{},"branchMap":{},"s":{"0":0},"f":{},"b":{}}
,"D:\\doanVEXE\\bus-booking-project\\backend\\src\\models\\Payment.js": {"path":"D:\\doanVEXE\\bus-booking-project\\backend\\src\\models\\Payment.js","statementMap":{"0":{"start":{"line":7,"column":16},"end":{"line":49,"column":1}}},"fnMap":{},"branchMap":{},"s":{"0":0},"f":{},"b":{}}
,"D:\\doanVEXE\\bus-booking-project\\backend\\src\\models\\PriceRule.js": {"path":"D:\\doanVEXE\\bus-booking-project\\backend\\src\\models\\PriceRule.js","statementMap":{"0":{"start":{"line":8,"column":18},"end":{"line":68,"column":2}},"1":{"start":{"line":71,"column":0},"end":{"line":71,"column":97}},"2":{"start":{"line":72,"column":0},"end":{"line":72,"column":97}},"3":{"start":{"line":73,"column":0},"end":{"line":73,"column":78}},"4":{"start":{"line":74,"column":0},"end":{"line":74,"column":78}}},"fnMap":{},"branchMap":{},"s":{"0":0,"1":0,"2":0,"3":0,"4":0},"f":{},"b":{}}
,"D:\\doanVEXE\\bus-booking-project\\backend\\src\\models\\Route.js": {"path":"D:\\doanVEXE\\bus-booking-project\\backend\\src\\models\\Route.js","statementMap":{"0":{"start":{"line":4,"column":14},"end":{"line":33,"column":2}}},"fnMap":{},"branchMap":{},"s":{"0":0},"f":{},"b":{}}
,"D:\\doanVEXE\\bus-booking-project\\backend\\src\\models\\RouteFare.js": {"path":"D:\\doanVEXE\\bus-booking-project\\backend\\src\\models\\RouteFare.js","statementMap":{"0":{"start":{"line":9,"column":18},"end":{"line":34,"column":2}},"1":{"start":{"line":37,"column":0},"end":{"line":37,"column":97}},"2":{"start":{"line":38,"column":0},"end":{"line":38,"column":97}},"3":{"start":{"line":39,"column":0},"end":{"line":39,"column":73}},"4":{"start":{"line":40,"column":0},"end":{"line":40,"column":73}}},"fnMap":{},"branchMap":{},"s":{"0":0,"1":0,"2":0,"3":0,"4":0},"f":{},"b":{}}
,"D:\\doanVEXE\\bus-booking-project\\backend\\src\\models\\RouteStop.js": {"path":"D:\\doanVEXE\\bus-booking-project\\backend\\src\\models\\RouteStop.js","statementMap":{"0":{"start":{"line":4,"column":18},"end":{"line":53,"column":1}},"1":{"start":{"line":24,"column":8},"end":{"line":24,"column":68}}},"fnMap":{"0":{"name":"(anonymous_0)","decl":{"start":{"line":23,"column":6},"end":{"line":23,"column":7}},"loc":{"start":{"line":23,"column":17},"end":{"line":25,"column":7}},"line":23}},"branchMap":{"0":{"loc":{"start":{"line":24,"column":38},"end":{"line":24,"column":66}},"type":"cond-expr","locations":[{"start":{"line":24,"column":46},"end":{"line":24,"column":58}},{"start":{"line":24,"column":61},"end":{"line":24,"column":66}}],"line":24}},"s":{"0":0,"1":0},"f":{"0":0},"b":{"0":[0,0]}}
,"D:\\doanVEXE\\bus-booking-project\\backend\\src\\models\\Session.js": {"path":"D:\\doanVEXE\\bus-booking-project\\backend\\src\\models\\Session.js","statementMap":{"0":{"start":{"line":5,"column":16},"end":{"line":46,"column":1}},"1":{"start":{"line":38,"column":21},"end":{"line":42,"column":7}},"2":{"start":{"line":48,"column":38},"end":{"line":57,"column":1}},"3":{"start":{"line":49,"column":2},"end":{"line":56,"column":3}},"4":{"start":{"line":50,"column":4},"end":{"line":52,"column":7}},"5":{"start":{"line":53,"column":4},"end":{"line":53,"column":61}},"6":{"start":{"line":55,"column":4},"end":{"line":55,"column":64}}},"fnMap":{"0":{"name":"(anonymous_0)","decl":{"start":{"line":38,"column":14},"end":{"line":38,"column":15}},"loc":{"start":{"line":38,"column":21},"end":{"line":42,"column":7}},"line":38},"1":{"name":"(anonymous_1)","decl":{"start":{"line":48,"column":38},"end":{"line":48,"column":39}},"loc":{"start":{"line":48,"column":50},"end":{"line":57,"column":1}},"line":48}},"branchMap":{},"s":{"0":1,"1":0,"2":1,"3":0,"4":0,"5":0,"6":0},"f":{"0":0,"1":0},"b":{},"_coverageSchema":"1a1c01bbd47fc00a2c39e90264f33305004495a9","hash":"dcd05d53817b304a28b3fd06295339a7dd881a20"}
,"D:\\doanVEXE\\bus-booking-project\\backend\\src\\models\\Ticket.js": {"path":"D:\\doanVEXE\\bus-booking-project\\backend\\src\\models\\Ticket.js","statementMap":{"0":{"start":{"line":7,"column":15},"end":{"line":78,"column":1}},"1":{"start":{"line":34,"column":8},"end":{"line":34,"column":73}},"2":{"start":{"line":42,"column":8},"end":{"line":42,"column":74}}},"fnMap":{"0":{"name":"(anonymous_0)","decl":{"start":{"line":33,"column":6},"end":{"line":33,"column":7}},"loc":{"start":{"line":33,"column":17},"end":{"line":35,"column":7}},"line":33},"1":{"name":"(anonymous_1)","decl":{"start":{"line":41,"column":6},"end":{"line":41,"column":7}},"loc":{"start":{"line":41,"column":17},"end":{"line":43,"column":7}},"line":41}},"branchMap":{"0":{"loc":{"start":{"line":34,"column":43},"end":{"line":34,"column":71}},"type":"cond-expr","locations":[{"start":{"line":34,"column":51},"end":{"line":34,"column":63}},{"start":{"line":34,"column":66},"end":{"line":34,"column":71}}],"line":34},"1":{"loc":{"start":{"line":42,"column":44},"end":{"line":42,"column":72}},"type":"cond-expr","locations":[{"start":{"line":42,"column":52},"end":{"line":42,"column":64}},{"start":{"line":42,"column":67},"end":{"line":42,"column":72}}],"line":42}},"s":{"0":0,"1":0,"2":0},"f":{"0":0,"1":0},"b":{"0":[0,0],"1":[0,0]}}
,"D:\\doanVEXE\\bus-booking-project\\backend\\src\\models\\Trip.js": {"path":"D:\\doanVEXE\\bus-booking-project\\backend\\src\\models\\Trip.js","statementMap":{"0":{"start":{"line":6,"column":13},"end":{"line":45,"column":2}},"1":{"start":{"line":48,"column":0},"end":{"line":48,"column":85}},"2":{"start":{"line":49,"column":0},"end":{"line":49,"column":85}},"3":{"start":{"line":52,"column":0},"end":{"line":52,"column":79}},"4":{"start":{"line":53,"column":0},"end":{"line":53,"column":81}}},"fnMap":{},"branchMap":{},"s":{"0":0,"1":0,"2":0,"3":0,"4":0},"f":{},"b":{}}
,"D:\\doanVEXE\\bus-booking-project\\backend\\src\\models\\TripSeat.js": {"path":"D:\\doanVEXE\\bus-booking-project\\backend\\src\\models\\TripSeat.js","statementMap":{"0":{"start":{"line":7,"column":17},"end":{"line":37,"column":2}},"1":{"start":{"line":40,"column":0},"end":{"line":40,"column":86}},"2":{"start":{"line":41,"column":0},"end":{"line":41,"column":86}}},"fnMap":{},"branchMap":{},"s":{"0":0,"1":0,"2":0},"f":{},"b":{}}
,"D:\\doanVEXE\\bus-booking-project\\backend\\src\\models\\User.js": {"path":"D:\\doanVEXE\\bus-booking-project\\backend\\src\\models\\User.js","statementMap":{"0":{"start":{"line":4,"column":13},"end":{"line":46,"column":2}},"1":{"start":{"line":15,"column":6},"end":{"line":15,"column":61}},"2":{"start":{"line":23,"column":6},"end":{"line":23,"column":50}}},"fnMap":{"0":{"name":"(anonymous_0)","decl":{"start":{"line":14,"column":4},"end":{"line":14,"column":5}},"loc":{"start":{"line":14,"column":15},"end":{"line":16,"column":5}},"line":14},"1":{"name":"(anonymous_1)","decl":{"start":{"line":22,"column":4},"end":{"line":22,"column":5}},"loc":{"start":{"line":22,"column":15},"end":{"line":24,"column":5}},"line":22}},"branchMap":{},"s":{"0":1,"1":0,"2":0},"f":{"0":0,"1":0},"b":{},"_coverageSchema":"1a1c01bbd47fc00a2c39e90264f33305004495a9","hash":"1faba8b9527e906f140b22cbea673ba837e42e4d"}
,"D:\\doanVEXE\\bus-booking-project\\backend\\src\\routes\\authRoute.js": {"path":"D:\\doanVEXE\\bus-booking-project\\backend\\src\\routes\\authRoute.js","statementMap":{"0":{"start":{"line":3,"column":15},"end":{"line":3,"column":31}},"1":{"start":{"line":5,"column":0},"end":{"line":5,"column":31}},"2":{"start":{"line":7,"column":0},"end":{"line":7,"column":31}},"3":{"start":{"line":9,"column":0},"end":{"line":9,"column":33}},"4":{"start":{"line":11,"column":0},"end":{"line":11,"column":38}}},"fnMap":{},"branchMap":{},"s":{"0":0,"1":0,"2":0,"3":0,"4":0},"f":{},"b":{}}
,"D:\\doanVEXE\\bus-booking-project\\backend\\src\\routes\\bookingRoute.js": {"path":"D:\\doanVEXE\\bus-booking-project\\backend\\src\\routes\\bookingRoute.js","statementMap":{"0":{"start":{"line":16,"column":15},"end":{"line":16,"column":31}},"1":{"start":{"line":19,"column":0},"end":{"line":19,"column":62}},"2":{"start":{"line":22,"column":0},"end":{"line":22,"column":48}},"3":{"start":{"line":25,"column":0},"end":{"line":25,"column":63}},"4":{"start":{"line":28,"column":0},"end":{"line":28,"column":51}},"5":{"start":{"line":31,"column":0},"end":{"line":31,"column":50}},"6":{"start":{"line":34,"column":0},"end":{"line":34,"column":67}},"7":{"start":{"line":37,"column":0},"end":{"line":37,"column":65}}},"fnMap":{},"branchMap":{},"s":{"0":0,"1":0,"2":0,"3":0,"4":0,"5":0,"6":0,"7":0},"f":{},"b":{}}
,"D:\\doanVEXE\\bus-booking-project\\backend\\src\\routes\\busRoute.js": {"path":"D:\\doanVEXE\\bus-booking-project\\backend\\src\\routes\\busRoute.js","statementMap":{"0":{"start":{"line":10,"column":15},"end":{"line":10,"column":31}},"1":{"start":{"line":12,"column":0},"end":{"line":12,"column":28}},"2":{"start":{"line":13,"column":0},"end":{"line":13,"column":29}},"3":{"start":{"line":14,"column":0},"end":{"line":14,"column":31}},"4":{"start":{"line":15,"column":0},"end":{"line":15,"column":30}},"5":{"start":{"line":16,"column":0},"end":{"line":16,"column":33}}},"fnMap":{},"branchMap":{},"s":{"0":0,"1":0,"2":0,"3":0,"4":0,"5":0},"f":{},"b":{}}
,"D:\\doanVEXE\\bus-booking-project\\backend\\src\\routes\\busTypeRoute.js": {"path":"D:\\doanVEXE\\bus-booking-project\\backend\\src\\routes\\busTypeRoute.js","statementMap":{"0":{"start":{"line":13,"column":15},"end":{"line":13,"column":31}},"1":{"start":{"line":15,"column":0},"end":{"line":15,"column":32}},"2":{"start":{"line":16,"column":0},"end":{"line":16,"column":32}},"3":{"start":{"line":17,"column":0},"end":{"line":17,"column":35}},"4":{"start":{"line":18,"column":0},"end":{"line":18,"column":34}},"5":{"start":{"line":19,"column":0},"end":{"line":19,"column":37}}},"fnMap":{},"branchMap":{},"s":{"0":0,"1":0,"2":0,"3":0,"4":0,"5":0},"f":{},"b":{}}
,"D:\\doanVEXE\\bus-booking-project\\backend\\src\\routes\\paymentRoute.js": {"path":"D:\\doanVEXE\\bus-booking-project\\backend\\src\\routes\\paymentRoute.js","statementMap":{"0":{"start":{"line":20,"column":15},"end":{"line":20,"column":31}},"1":{"start":{"line":23,"column":0},"end":{"line":23,"column":62}},"2":{"start":{"line":24,"column":0},"end":{"line":24,"column":41}},"3":{"start":{"line":27,"column":0},"end":{"line":27,"column":62}},"4":{"start":{"line":29,"column":0},"end":{"line":29,"column":61}},"5":{"start":{"line":31,"column":0},"end":{"line":31,"column":71}},"6":{"start":{"line":34,"column":0},"end":{"line":34,"column":65}},"7":{"start":{"line":37,"column":0},"end":{"line":37,"column":64}},"8":{"start":{"line":40,"column":0},"end":{"line":40,"column":74}},"9":{"start":{"line":43,"column":0},"end":{"line":43,"column":72}},"10":{"start":{"line":46,"column":0},"end":{"line":46,"column":72}},"11":{"start":{"line":49,"column":0},"end":{"line":49,"column":56}}},"fnMap":{},"branchMap":{},"s":{"0":0,"1":0,"2":0,"3":0,"4":0,"5":0,"6":0,"7":0,"8":0,"9":0,"10":0,"11":0},"f":{},"b":{}}
,"D:\\doanVEXE\\bus-booking-project\\backend\\src\\routes\\priceRuleRoute.js": {"path":"D:\\doanVEXE\\bus-booking-project\\backend\\src\\routes\\priceRuleRoute.js","statementMap":{"0":{"start":{"line":11,"column":15},"end":{"line":11,"column":31}},"1":{"start":{"line":13,"column":0},"end":{"line":13,"column":43}},"2":{"start":{"line":14,"column":0},"end":{"line":14,"column":46}},"3":{"start":{"line":15,"column":0},"end":{"line":15,"column":43}},"4":{"start":{"line":16,"column":0},"end":{"line":16,"column":42}},"5":{"start":{"line":17,"column":0},"end":{"line":17,"column":42}},"6":{"start":{"line":18,"column":0},"end":{"line":18,"column":42}}},"fnMap":{},"branchMap":{},"s":{"0":0,"1":0,"2":0,"3":0,"4":0,"5":0,"6":0},"f":{},"b":{}}
,"D:\\doanVEXE\\bus-booking-project\\backend\\src\\routes\\routeFareRoute.js": {"path":"D:\\doanVEXE\\bus-booking-project\\backend\\src\\routes\\routeFareRoute.js","statementMap":{"0":{"start":{"line":10,"column":15},"end":{"line":10,"column":31}},"1":{"start":{"line":12,"column":0},"end":{"line":12,"column":38}},"2":{"start":{"line":13,"column":0},"end":{"line":13,"column":38}},"3":{"start":{"line":14,"column":0},"end":{"line":14,"column":37}},"4":{"start":{"line":15,"column":0},"end":{"line":15,"column":37}},"5":{"start":{"line":16,"column":0},"end":{"line":16,"column":39}}},"fnMap":{},"branchMap":{},"s":{"0":0,"1":0,"2":0,"3":0,"4":0,"5":0},"f":{},"b":{}}
,"D:\\doanVEXE\\bus-booking-project\\backend\\src\\routes\\routeRoute.js": {"path":"D:\\doanVEXE\\bus-booking-project\\backend\\src\\routes\\routeRoute.js","statementMap":{"0":{"start":{"line":10,"column":15},"end":{"line":10,"column":31}},"1":{"start":{"line":12,"column":0},"end":{"line":12,"column":30}},"2":{"start":{"line":13,"column":0},"end":{"line":13,"column":30}},"3":{"start":{"line":14,"column":0},"end":{"line":14,"column":33}},"4":{"start":{"line":15,"column":0},"end":{"line":15,"column":32}},"5":{"start":{"line":16,"column":0},"end":{"line":16,"column":35}}},"fnMap":{},"branchMap":{},"s":{"0":0,"1":0,"2":0,"3":0,"4":0,"5":0},"f":{},"b":{}}
,"D:\\doanVEXE\\bus-booking-project\\backend\\src\\routes\\routeStopRoute.js": {"path":"D:\\doanVEXE\\bus-booking-project\\backend\\src\\routes\\routeStopRoute.js","statementMap":{"0":{"start":{"line":11,"column":15},"end":{"line":11,"column":31}},"1":{"start":{"line":14,"column":0},"end":{"line":14,"column":34}},"2":{"start":{"line":15,"column":0},"end":{"line":15,"column":55}},"3":{"start":{"line":16,"column":0},"end":{"line":16,"column":37}},"4":{"start":{"line":17,"column":0},"end":{"line":17,"column":34}},"5":{"start":{"line":18,"column":0},"end":{"line":18,"column":36}},"6":{"start":{"line":19,"column":0},"end":{"line":19,"column":39}}},"fnMap":{},"branchMap":{},"s":{"0":0,"1":0,"2":0,"3":0,"4":0,"5":0,"6":0},"f":{},"b":{}}
,"D:\\doanVEXE\\bus-booking-project\\backend\\src\\routes\\ticketRoute.js": {"path":"D:\\doanVEXE\\bus-booking-project\\backend\\src\\routes\\ticketRoute.js","statementMap":{"0":{"start":{"line":18,"column":15},"end":{"line":18,"column":31}},"1":{"start":{"line":21,"column":0},"end":{"line":21,"column":61}},"2":{"start":{"line":24,"column":0},"end":{"line":24,"column":61}},"3":{"start":{"line":27,"column":0},"end":{"line":27,"column":71}},"4":{"start":{"line":30,"column":0},"end":{"line":30,"column":62}},"5":{"start":{"line":34,"column":0},"end":{"line":34,"column":78}},"6":{"start":{"line":37,"column":0},"end":{"line":37,"column":74}},"7":{"start":{"line":41,"column":0},"end":{"line":41,"column":64}},"8":{"start":{"line":44,"column":0},"end":{"line":44,"column":63}},"9":{"start":{"line":47,"column":0},"end":{"line":47,"column":66}}},"fnMap":{},"branchMap":{},"s":{"0":0,"1":0,"2":0,"3":0,"4":0,"5":0,"6":0,"7":0,"8":0,"9":0},"f":{},"b":{}}
,"D:\\doanVEXE\\bus-booking-project\\backend\\src\\routes\\tripRoute.js": {"path":"D:\\doanVEXE\\bus-booking-project\\backend\\src\\routes\\tripRoute.js","statementMap":{"0":{"start":{"line":11,"column":15},"end":{"line":11,"column":31}},"1":{"start":{"line":13,"column":0},"end":{"line":13,"column":29}},"2":{"start":{"line":14,"column":0},"end":{"line":14,"column":29}},"3":{"start":{"line":17,"column":0},"end":{"line":17,"column":35}},"4":{"start":{"line":19,"column":0},"end":{"line":19,"column":32}},"5":{"start":{"line":20,"column":0},"end":{"line":20,"column":31}},"6":{"start":{"line":21,"column":0},"end":{"line":21,"column":34}}},"fnMap":{},"branchMap":{},"s":{"0":0,"1":0,"2":0,"3":0,"4":0,"5":0,"6":0},"f":{},"b":{}}
,"D:\\doanVEXE\\bus-booking-project\\backend\\src\\routes\\tripSeatRoute.js": {"path":"D:\\doanVEXE\\bus-booking-project\\backend\\src\\routes\\tripSeatRoute.js","statementMap":{"0":{"start":{"line":13,"column":15},"end":{"line":13,"column":31}},"1":{"start":{"line":15,"column":0},"end":{"line":15,"column":33}},"2":{"start":{"line":16,"column":0},"end":{"line":16,"column":33}},"3":{"start":{"line":17,"column":0},"end":{"line":17,"column":36}},"4":{"start":{"line":18,"column":0},"end":{"line":18,"column":35}},"5":{"start":{"line":19,"column":0},"end":{"line":19,"column":38}},"6":{"start":{"line":20,"column":0},"end":{"line":20,"column":32}},"7":{"start":{"line":21,"column":0},"end":{"line":21,"column":38}},"8":{"start":{"line":24,"column":0},"end":{"line":24,"column":46}}},"fnMap":{},"branchMap":{},"s":{"0":0,"1":0,"2":0,"3":0,"4":0,"5":0,"6":0,"7":0,"8":0},"f":{},"b":{}}
,"D:\\doanVEXE\\bus-booking-project\\backend\\src\\routes\\userRoute.js": {"path":"D:\\doanVEXE\\bus-booking-project\\backend\\src\\routes\\userRoute.js","statementMap":{"0":{"start":{"line":13,"column":15},"end":{"line":13,"column":31}},"1":{"start":{"line":15,"column":0},"end":{"line":15,"column":26}},"2":{"start":{"line":18,"column":0},"end":{"line":18,"column":43}},"3":{"start":{"line":19,"column":0},"end":{"line":19,"column":43}},"4":{"start":{"line":20,"column":0},"end":{"line":20,"column":45}},"5":{"start":{"line":21,"column":0},"end":{"line":21,"column":48}},"6":{"start":{"line":22,"column":0},"end":{"line":22,"column":60}}},"fnMap":{},"branchMap":{},"s":{"0":0,"1":0,"2":0,"3":0,"4":0,"5":0,"6":0},"f":{},"b":{}}
,"D:\\doanVEXE\\bus-booking-project\\backend\\src\\services\\emailService.js": {"path":"D:\\doanVEXE\\bus-booking-project\\backend\\src\\services\\emailService.js","statementMap":{"0":{"start":{"line":4,"column":0},"end":{"line":4,"column":16}},"1":{"start":{"line":7,"column":20},"end":{"line":13,"column":2}},"2":{"start":{"line":19,"column":31},"end":{"line":84,"column":1}},"3":{"start":{"line":20,"column":2},"end":{"line":83,"column":3}},"4":{"start":{"line":29,"column":8},"end":{"line":29,"column":12}},"5":{"start":{"line":32,"column":22},"end":{"line":32,"column":100}},"6":{"start":{"line":35,"column":24},"end":{"line":66,"column":5}},"7":{"start":{"line":69,"column":24},"end":{"line":74,"column":5}},"8":{"start":{"line":77,"column":17},"end":{"line":77,"column":56}},"9":{"start":{"line":78,"column":4},"end":{"line":78,"column":59}},"10":{"start":{"line":79,"column":4},"end":{"line":79,"column":16}},"11":{"start":{"line":81,"column":4},"end":{"line":81,"column":49}},"12":{"start":{"line":82,"column":4},"end":{"line":82,"column":17}},"13":{"start":{"line":86,"column":31},"end":{"line":115,"column":1}},"14":{"start":{"line":87,"column":2},"end":{"line":114,"column":3}},"15":{"start":{"line":88,"column":88},"end":{"line":88,"column":92}},"16":{"start":{"line":90,"column":22},"end":{"line":97,"column":3}},"17":{"start":{"line":100,"column":24},"end":{"line":105,"column":5}},"18":{"start":{"line":108,"column":17},"end":{"line":108,"column":56}},"19":{"start":{"line":109,"column":4},"end":{"line":109,"column":59}},"20":{"start":{"line":110,"column":4},"end":{"line":110,"column":16}},"21":{"start":{"line":112,"column":4},"end":{"line":112,"column":49}},"22":{"start":{"line":113,"column":4},"end":{"line":113,"column":17}}},"fnMap":{"0":{"name":"(anonymous_0)","decl":{"start":{"line":19,"column":31},"end":{"line":19,"column":32}},"loc":{"start":{"line":19,"column":47},"end":{"line":84,"column":1}},"line":19},"1":{"name":"(anonymous_1)","decl":{"start":{"line":86,"column":31},"end":{"line":86,"column":32}},"loc":{"start":{"line":86,"column":47},"end":{"line":115,"column":1}},"line":86}},"branchMap":{},"s":{"0":0,"1":0,"2":0,"3":0,"4":0,"5":0,"6":0,"7":0,"8":0,"9":0,"10":0,"11":0,"12":0,"13":0,"14":0,"15":0,"16":0,"17":0,"18":0,"19":0,"20":0,"21":0,"22":0},"f":{"0":0,"1":0},"b":{}}
}
