TN:
SF:src\controllers\authController.js
FN:13,(anonymous_0)
FN:61,(anonymous_1)
FN:141,(anonymous_2)
FN:161,(anonymous_3)
FNF:4
FNH:4
FNDA:4,(anonymous_0)
FNDA:6,(anonymous_1)
FNDA:3,(anonymous_2)
FNDA:7,(anonymous_3)
DA:8,1
DA:9,1
DA:13,1
DA:14,4
DA:15,4
DA:16,4
DA:17,1
DA:24,3
DA:32,2
DA:33,1
DA:40,1
DA:43,1
DA:53,1
DA:56,1
DA:57,1
DA:61,1
DA:62,6
DA:64,6
DA:65,6
DA:66,1
DA:73,5
DA:81,4
DA:82,1
DA:88,3
DA:89,1
DA:92,2
DA:93,2
DA:94,1
DA:101,1
DA:112,1
DA:115,1
DA:122,1
DA:130,1
DA:135,1
DA:136,1
DA:141,1
DA:142,3
DA:144,3
DA:146,3
DA:152,2
DA:153,2
DA:155,1
DA:156,1
DA:161,1
DA:162,7
DA:164,7
DA:165,7
DA:166,1
DA:170,6
DA:174,5
DA:175,1
DA:179,4
DA:181,1
DA:182,1
DA:183,1
DA:187,3
DA:188,3
DA:189,1
DA:192,2
DA:193,1
DA:197,1
DA:203,1
DA:205,1
DA:206,1
LF:64
LH:64
BRDA:16,0,0,1
BRDA:16,0,1,3
BRDA:16,1,0,4
BRDA:16,1,1,3
BRDA:16,1,2,3
BRDA:16,1,3,3
BRDA:16,1,4,3
BRDA:32,2,0,1
BRDA:32,2,1,1
BRDA:65,3,0,1
BRDA:65,3,1,5
BRDA:65,4,0,6
BRDA:65,4,1,6
BRDA:81,5,0,1
BRDA:81,5,1,3
BRDA:88,6,0,1
BRDA:88,6,1,2
BRDA:93,7,0,1
BRDA:93,7,1,1
BRDA:165,8,0,1
BRDA:165,8,1,6
BRDA:174,9,0,1
BRDA:174,9,1,4
BRDA:179,10,0,1
BRDA:179,10,1,3
BRDA:188,11,0,1
BRDA:188,11,1,2
BRDA:192,12,0,1
BRDA:192,12,1,1
BRF:29
BRH:29
end_of_record
TN:
SF:src\controllers\bookingController.js
FN:11,generateQrCode
FN:17,(anonymous_1)
FN:44,(anonymous_2)
FN:67,(anonymous_3)
FN:74,(anonymous_4)
FN:76,(anonymous_5)
FN:84,(anonymous_6)
FN:95,(anonymous_7)
FN:104,(anonymous_8)
FN:134,(anonymous_9)
FN:152,(anonymous_10)
FN:189,(anonymous_11)
FN:205,(anonymous_12)
FN:224,(anonymous_13)
FN:234,(anonymous_14)
FN:235,(anonymous_15)
FN:248,(anonymous_16)
FN:274,(anonymous_17)
FNF:18
FNH:16
FNDA:1,generateQrCode
FNDA:3,(anonymous_1)
FNDA:9,(anonymous_2)
FNDA:3,(anonymous_3)
FNDA:2,(anonymous_4)
FNDA:1,(anonymous_5)
FNDA:1,(anonymous_6)
FNDA:1,(anonymous_7)
FNDA:1,(anonymous_8)
FNDA:3,(anonymous_9)
FNDA:6,(anonymous_10)
FNDA:5,(anonymous_11)
FNDA:4,(anonymous_12)
FNDA:3,(anonymous_13)
FNDA:0,(anonymous_14)
FNDA:0,(anonymous_15)
FNDA:6,(anonymous_16)
FNDA:1,(anonymous_17)
DA:12,1
DA:13,1
DA:17,1
DA:18,3
DA:19,3
DA:20,3
DA:21,3
DA:22,3
DA:23,3
DA:25,3
DA:35,2
DA:37,1
DA:38,1
DA:44,1
DA:45,9
DA:46,9
DA:48,9
DA:49,1
DA:52,8
DA:53,7
DA:55,6
DA:56,6
DA:58,5
DA:59,5
DA:60,1
DA:63,4
DA:64,1
DA:67,3
DA:68,3
DA:70,3
DA:71,1
DA:74,2
DA:75,2
DA:76,1
DA:77,1
DA:81,1
DA:84,1
DA:91,1
DA:94,1
DA:96,1
DA:97,1
DA:102,1
DA:103,1
DA:105,1
DA:106,1
DA:107,1
DA:112,1
DA:114,1
DA:123,1
DA:128,1
DA:129,1
DA:134,1
DA:135,3
DA:136,3
DA:143,2
DA:144,1
DA:146,1
DA:147,1
DA:152,1
DA:153,6
DA:154,6
DA:155,6
DA:157,6
DA:158,5
DA:160,4
DA:166,4
DA:167,2
DA:170,2
DA:171,2
DA:172,2
DA:174,2
DA:181,2
DA:183,1
DA:184,1
DA:189,1
DA:190,5
DA:191,5
DA:192,4
DA:193,3
DA:194,1
DA:196,2
DA:197,2
DA:199,1
DA:200,1
DA:205,1
DA:206,4
DA:207,4
DA:209,4
DA:210,3
DA:212,2
DA:213,2
DA:223,2
DA:224,2
DA:225,3
DA:226,1
DA:227,2
DA:228,1
DA:229,1
DA:230,1
DA:234,2
DA:235,2
DA:237,2
DA:242,1
DA:243,1
DA:248,1
DA:249,6
DA:250,6
DA:252,6
DA:259,5
DA:260,4
DA:262,3
DA:263,3
DA:264,3
DA:265,1
DA:268,2
DA:269,2
DA:272,2
DA:273,1
DA:275,1
DA:276,1
DA:277,1
DA:278,1
DA:279,1
DA:280,1
DA:287,2
DA:288,1
DA:289,1
DA:292,2
DA:301,2
DA:306,1
DA:307,1
LF:131
LH:131
BRDA:21,0,0,1
BRDA:21,0,1,2
BRDA:22,1,0,1
BRDA:22,1,1,2
BRDA:23,2,0,1
BRDA:23,2,1,2
BRDA:48,3,0,1
BRDA:48,3,1,8
BRDA:48,4,0,9
BRDA:48,4,1,9
BRDA:48,4,2,9
BRDA:53,5,0,1
BRDA:53,5,1,6
BRDA:56,6,0,1
BRDA:56,6,1,5
BRDA:59,7,0,1
BRDA:59,7,1,4
BRDA:63,8,0,1
BRDA:63,8,1,3
BRDA:63,9,0,4
BRDA:63,9,1,4
BRDA:63,9,2,4
BRDA:70,10,0,1
BRDA:70,10,1,2
BRDA:75,11,0,1
BRDA:75,11,1,1
BRDA:143,12,0,1
BRDA:143,12,1,1
BRDA:158,13,0,1
BRDA:158,13,1,4
BRDA:166,14,0,2
BRDA:166,14,1,2
BRDA:166,15,0,4
BRDA:166,15,1,3
BRDA:166,15,2,3
BRDA:170,16,0,1
BRDA:170,16,1,1
BRDA:171,17,0,1
BRDA:171,17,1,1
BRDA:192,18,0,1
BRDA:192,18,1,3
BRDA:193,19,0,1
BRDA:193,19,1,2
BRDA:210,20,0,1
BRDA:210,20,1,2
BRDA:225,21,0,1
BRDA:225,21,1,2
BRDA:227,22,0,1
BRDA:227,22,1,1
BRDA:227,23,0,2
BRDA:227,23,1,2
BRDA:229,24,0,1
BRDA:229,24,1,0
BRDA:229,25,0,1
BRDA:229,25,1,1
BRDA:238,26,0,1
BRDA:238,26,1,1
BRDA:259,27,0,1
BRDA:259,27,1,4
BRDA:260,28,0,1
BRDA:260,28,1,3
BRDA:264,29,0,1
BRDA:264,29,1,2
BRDA:272,30,0,1
BRDA:272,30,1,1
BRDA:277,31,0,1
BRDA:277,31,1,0
BRDA:287,32,0,1
BRDA:287,32,1,1
BRF:69
BRH:67
end_of_record
TN:
SF:src\controllers\busController.js
FN:5,(anonymous_0)
FN:18,(anonymous_1)
FN:32,(anonymous_2)
FN:62,(anonymous_3)
FN:85,(anonymous_4)
FNF:5
FNH:0
FNDA:0,(anonymous_0)
FNDA:0,(anonymous_1)
FNDA:0,(anonymous_2)
FNDA:0,(anonymous_3)
FNDA:0,(anonymous_4)
DA:5,0
DA:6,0
DA:7,0
DA:10,0
DA:12,0
DA:13,0
DA:18,0
DA:19,0
DA:20,0
DA:23,0
DA:24,0
DA:26,0
DA:27,0
DA:32,0
DA:33,0
DA:34,0
DA:36,0
DA:37,0
DA:41,0
DA:42,0
DA:43,0
DA:46,0
DA:54,0
DA:56,0
DA:57,0
DA:62,0
DA:63,0
DA:64,0
DA:65,0
DA:67,0
DA:69,0
DA:77,0
DA:79,0
DA:80,0
DA:85,0
DA:86,0
DA:87,0
DA:88,0
DA:90,0
DA:91,0
DA:93,0
DA:94,0
LF:42
LH:0
BRDA:23,0,0,0
BRDA:23,0,1,0
BRDA:36,1,0,0
BRDA:36,1,1,0
BRDA:36,2,0,0
BRDA:36,2,1,0
BRDA:42,3,0,0
BRDA:42,3,1,0
BRDA:49,4,0,0
BRDA:49,4,1,0
BRDA:50,5,0,0
BRDA:50,5,1,0
BRDA:51,6,0,0
BRDA:51,6,1,0
BRDA:67,7,0,0
BRDA:67,7,1,0
BRDA:88,8,0,0
BRDA:88,8,1,0
BRF:18
BRH:0
end_of_record
TN:
SF:src\controllers\busTypeController.js
FN:4,(anonymous_0)
FN:15,(anonymous_1)
FN:29,(anonymous_2)
FN:45,(anonymous_3)
FN:63,(anonymous_4)
FNF:5
FNH:5
FNDA:2,(anonymous_0)
FNDA:3,(anonymous_1)
FNDA:3,(anonymous_2)
FNDA:3,(anonymous_3)
FNDA:3,(anonymous_4)
DA:4,1
DA:5,2
DA:6,2
DA:7,1
DA:9,1
DA:10,1
DA:15,1
DA:16,3
DA:17,3
DA:18,2
DA:19,1
DA:21,1
DA:23,1
DA:24,1
DA:29,1
DA:30,3
DA:31,3
DA:32,3
DA:33,3
DA:36,0
DA:37,0
DA:39,0
DA:40,0
DA:45,1
DA:46,3
DA:47,3
DA:48,3
DA:50,2
DA:51,1
DA:54,1
DA:55,1
DA:57,1
DA:58,1
DA:63,1
DA:64,3
DA:65,3
DA:66,2
DA:67,1
DA:70,1
DA:71,1
DA:73,1
DA:75,1
LF:42
LH:38
BRDA:18,0,0,1
BRDA:18,0,1,1
BRDA:32,1,0,3
BRDA:32,1,1,0
BRDA:32,2,0,3
BRDA:32,2,1,0
BRDA:50,3,0,1
BRDA:50,3,1,1
BRDA:66,4,0,1
BRDA:66,4,1,1
BRF:10
BRH:8
end_of_record
TN:
SF:src\controllers\paymentController.js
FN:12,(anonymous_0)
FN:37,(anonymous_1)
FN:68,(anonymous_2)
FN:82,(anonymous_3)
FN:125,(anonymous_4)
FN:148,(anonymous_5)
FN:168,(anonymous_6)
FN:192,(anonymous_7)
FN:215,(anonymous_8)
FN:233,(anonymous_9)
FN:254,(anonymous_10)
FN:280,_confirmBookingAndSeats
FN:290,(anonymous_12)
FNF:13
FNH:12
FNDA:3,(anonymous_0)
FNDA:7,(anonymous_1)
FNDA:3,(anonymous_2)
FNDA:5,(anonymous_3)
FNDA:4,(anonymous_4)
FNDA:4,(anonymous_5)
FNDA:4,(anonymous_6)
FNDA:1,(anonymous_7)
FNDA:4,(anonymous_8)
FNDA:7,(anonymous_9)
FNDA:2,(anonymous_10)
FNDA:3,_confirmBookingAndSeats
FNDA:0,(anonymous_12)
DA:9,1
DA:12,1
DA:13,3
DA:14,3
DA:16,3
DA:17,3
DA:18,3
DA:19,3
DA:21,3
DA:29,2
DA:31,1
DA:32,1
DA:37,1
DA:38,7
DA:39,7
DA:41,7
DA:42,1
DA:45,6
DA:46,5
DA:48,4
DA:49,4
DA:51,3
DA:53,2
DA:54,1
DA:57,1
DA:58,1
DA:60,1
DA:62,1
DA:63,1
DA:68,1
DA:69,3
DA:70,3
DA:73,2
DA:74,1
DA:76,1
DA:77,1
DA:82,1
DA:83,5
DA:84,5
DA:85,5
DA:87,5
DA:88,4
DA:90,3
DA:97,3
DA:98,2
DA:101,1
DA:102,1
DA:103,1
DA:105,1
DA:106,0
DA:109,1
DA:112,1
DA:113,1
DA:116,1
DA:117,1
DA:119,1
DA:120,1
DA:125,1
DA:126,4
DA:127,4
DA:128,3
DA:129,2
DA:130,1
DA:133,1
DA:134,1
DA:135,1
DA:137,1
DA:139,1
DA:140,1
DA:142,1
DA:143,1
DA:148,1
DA:149,4
DA:150,4
DA:151,3
DA:152,2
DA:153,1
DA:156,1
DA:157,1
DA:159,1
DA:160,1
DA:162,1
DA:163,1
DA:168,1
DA:169,4
DA:170,4
DA:171,3
DA:172,2
DA:173,1
DA:176,1
DA:179,1
DA:182,1
DA:183,1
DA:186,1
DA:187,1
DA:190,1
DA:191,1
DA:193,1
DA:194,1
DA:195,1
DA:196,1
DA:197,1
DA:198,1
DA:204,1
DA:207,1
DA:209,1
DA:210,1
DA:215,1
DA:216,4
DA:217,4
DA:218,4
DA:219,3
DA:221,2
DA:222,2
DA:224,1
DA:226,1
DA:227,1
DA:233,1
DA:234,7
DA:235,7
DA:236,7
DA:238,6
DA:239,1
DA:241,5
DA:242,1
DA:244,4
DA:245,1
DA:248,3
DA:249,3
DA:250,1
DA:254,2
DA:257,2
DA:258,2
DA:259,2
DA:260,2
DA:263,1
DA:265,1
DA:269,1
DA:274,1
DA:275,1
DA:281,3
DA:284,3
DA:285,3
DA:286,3
DA:288,3
DA:289,0
DA:291,0
DA:292,0
DA:293,0
DA:294,0
LF:150
LH:144
BRDA:17,0,0,1
BRDA:17,0,1,2
BRDA:18,1,0,1
BRDA:18,1,1,2
BRDA:19,2,0,1
BRDA:19,2,1,2
BRDA:41,3,0,1
BRDA:41,3,1,6
BRDA:41,4,0,7
BRDA:41,4,1,7
BRDA:41,4,2,6
BRDA:46,5,0,1
BRDA:46,5,1,4
BRDA:49,6,0,1
BRDA:49,6,1,3
BRDA:51,7,0,1
BRDA:51,7,1,2
BRDA:53,8,0,1
BRDA:53,8,1,1
BRDA:73,9,0,1
BRDA:73,9,1,1
BRDA:88,10,0,1
BRDA:88,10,1,3
BRDA:97,11,0,2
BRDA:97,11,1,1
BRDA:97,12,0,3
BRDA:97,12,1,3
BRDA:97,12,2,3
BRDA:101,13,0,1
BRDA:101,13,1,0
BRDA:103,14,0,1
BRDA:103,14,1,0
BRDA:105,15,0,0
BRDA:105,15,1,1
BRDA:105,16,0,1
BRDA:105,16,1,0
BRDA:112,17,0,1
BRDA:112,17,1,0
BRDA:128,18,0,1
BRDA:128,18,1,2
BRDA:129,19,0,1
BRDA:129,19,1,1
BRDA:151,20,0,1
BRDA:151,20,1,2
BRDA:152,21,0,1
BRDA:152,21,1,1
BRDA:171,22,0,1
BRDA:171,22,1,2
BRDA:172,23,0,1
BRDA:172,23,1,1
BRDA:179,24,0,0
BRDA:179,24,1,1
BRDA:190,25,0,1
BRDA:190,25,1,0
BRDA:195,26,0,1
BRDA:195,26,1,0
BRDA:219,27,0,1
BRDA:219,27,1,2
BRDA:222,28,0,1
BRDA:222,28,1,1
BRDA:236,29,0,1
BRDA:236,29,1,6
BRDA:238,30,0,1
BRDA:238,30,1,5
BRDA:241,31,0,1
BRDA:241,31,1,4
BRDA:244,32,0,1
BRDA:244,32,1,3
BRDA:249,33,0,1
BRDA:249,33,1,2
BRDA:249,34,0,3
BRDA:249,34,1,2
BRDA:258,35,0,2
BRDA:258,35,1,1
BRDA:284,36,0,3
BRDA:284,36,1,0
BRDA:284,37,0,3
BRDA:284,37,1,3
BRDA:288,38,0,0
BRDA:288,38,1,3
BRDA:291,39,0,0
BRDA:291,39,1,0
BRF:82
BRH:70
end_of_record
TN:
SF:src\controllers\priceRuleController.js
FN:7,(anonymous_0)
FN:24,(anonymous_1)
FN:47,(anonymous_2)
FN:64,(anonymous_3)
FN:99,(anonymous_4)
FN:124,(anonymous_5)
FNF:6
FNH:6
FNDA:2,(anonymous_0)
FNDA:2,(anonymous_1)
FNDA:3,(anonymous_2)
FNDA:3,(anonymous_3)
FNDA:3,(anonymous_4)
FNDA:3,(anonymous_5)
DA:7,1
DA:8,2
DA:9,2
DA:16,1
DA:18,1
DA:19,1
DA:24,1
DA:25,2
DA:26,2
DA:27,2
DA:39,1
DA:41,1
DA:42,1
DA:47,1
DA:48,3
DA:49,3
DA:55,2
DA:56,1
DA:58,1
DA:59,1
DA:64,1
DA:65,3
DA:70,3
DA:72,3
DA:73,3
DA:75,0
DA:76,0
DA:79,0
DA:91,0
DA:93,0
DA:94,0
DA:99,1
DA:100,3
DA:101,3
DA:102,2
DA:108,1
DA:110,1
DA:116,1
DA:118,1
DA:119,1
DA:124,1
DA:125,3
DA:126,3
DA:127,2
DA:129,1
DA:130,1
DA:132,1
DA:133,1
LF:48
LH:42
BRDA:55,0,0,1
BRDA:55,0,1,1
BRDA:72,1,0,3
BRDA:72,1,1,0
BRDA:72,2,0,3
BRDA:72,2,1,0
BRDA:72,2,2,0
BRDA:75,3,0,0
BRDA:75,3,1,0
BRDA:75,4,0,0
BRDA:75,4,1,0
BRDA:81,5,0,0
BRDA:81,5,1,0
BRDA:82,6,0,0
BRDA:82,6,1,0
BRDA:83,7,0,0
BRDA:83,7,1,0
BRDA:84,8,0,0
BRDA:84,8,1,0
BRDA:87,9,0,0
BRDA:87,9,1,0
BRDA:88,10,0,0
BRDA:88,10,1,0
BRDA:102,11,0,1
BRDA:102,11,1,1
BRDA:127,12,0,1
BRDA:127,12,1,1
BRF:27
BRH:8
end_of_record
TN:
SF:src\controllers\routeController.js
FN:4,(anonymous_0)
FN:15,(anonymous_1)
FN:28,(anonymous_2)
FN:51,(anonymous_3)
FN:73,(anonymous_4)
FNF:5
FNH:5
FNDA:2,(anonymous_0)
FNDA:3,(anonymous_1)
FNDA:3,(anonymous_2)
FNDA:3,(anonymous_3)
FNDA:3,(anonymous_4)
DA:4,1
DA:5,2
DA:6,2
DA:7,1
DA:9,1
DA:10,1
DA:15,1
DA:16,3
DA:17,3
DA:18,2
DA:20,1
DA:22,1
DA:23,1
DA:28,1
DA:29,3
DA:30,3
DA:32,3
DA:33,3
DA:36,0
DA:43,0
DA:45,0
DA:46,0
DA:51,1
DA:52,3
DA:53,3
DA:54,3
DA:56,2
DA:58,1
DA:65,1
DA:67,1
DA:68,1
DA:73,1
DA:74,3
DA:75,3
DA:76,2
DA:78,1
DA:79,1
DA:81,1
DA:82,1
LF:39
LH:35
BRDA:18,0,0,1
BRDA:18,0,1,1
BRDA:32,1,0,3
BRDA:32,1,1,0
BRDA:32,2,0,3
BRDA:32,2,1,0
BRDA:56,3,0,1
BRDA:56,3,1,1
BRDA:76,4,0,1
BRDA:76,4,1,1
BRF:10
BRH:8
end_of_record
TN:
SF:src\controllers\routeFareController.js
FN:6,(anonymous_0)
FN:22,(anonymous_1)
FN:39,(anonymous_2)
FN:64,(anonymous_3)
FN:81,(anonymous_4)
FNF:5
FNH:5
FNDA:2,(anonymous_0)
FNDA:3,(anonymous_1)
FNDA:3,(anonymous_2)
FNDA:3,(anonymous_3)
FNDA:3,(anonymous_4)
DA:6,1
DA:7,2
DA:8,2
DA:14,1
DA:16,1
DA:17,1
DA:22,1
DA:23,3
DA:24,3
DA:30,2
DA:31,1
DA:33,1
DA:34,1
DA:39,1
DA:40,3
DA:41,3
DA:43,3
DA:44,3
DA:48,0
DA:49,0
DA:50,0
DA:51,0
DA:53,0
DA:55,0
DA:57,0
DA:59,0
DA:64,1
DA:65,3
DA:66,3
DA:67,3
DA:69,2
DA:71,1
DA:73,1
DA:75,1
DA:76,1
DA:81,1
DA:82,3
DA:83,3
DA:84,2
DA:86,1
DA:87,1
DA:89,1
DA:90,1
LF:43
LH:35
BRDA:30,0,0,1
BRDA:30,0,1,1
BRDA:43,1,0,3
BRDA:43,1,1,0
BRDA:43,2,0,3
BRDA:43,2,1,2
BRDA:43,2,2,2
BRDA:50,3,0,0
BRDA:50,3,1,0
BRDA:51,4,0,0
BRDA:51,4,1,0
BRDA:69,5,0,1
BRDA:69,5,1,1
BRDA:84,6,0,1
BRDA:84,6,1,1
BRF:15
BRH:10
end_of_record
TN:
SF:src\controllers\routeStopController.js
FN:5,(anonymous_0)
FN:23,(anonymous_1)
FN:39,(anonymous_2)
FN:66,(anonymous_3)
FN:82,(anonymous_4)
FNF:5
FNH:5
FNDA:2,(anonymous_0)
FNDA:3,(anonymous_1)
FNDA:3,(anonymous_2)
FNDA:3,(anonymous_3)
FNDA:3,(anonymous_4)
DA:5,1
DA:6,2
DA:7,2
DA:8,2
DA:10,2
DA:15,1
DA:17,1
DA:18,1
DA:23,1
DA:24,3
DA:25,3
DA:28,2
DA:29,1
DA:31,1
DA:33,1
DA:34,1
DA:39,1
DA:40,3
DA:41,3
DA:44,3
DA:45,1
DA:46,1
DA:49,0
DA:58,0
DA:60,2
DA:61,2
DA:66,1
DA:67,3
DA:68,3
DA:69,2
DA:70,1
DA:73,1
DA:74,1
DA:76,1
DA:77,1
DA:82,1
DA:83,3
DA:84,3
DA:85,2
DA:86,1
DA:89,1
DA:90,1
DA:92,1
DA:93,1
LF:44
LH:42
BRDA:8,0,0,0
BRDA:8,0,1,2
BRDA:28,1,0,1
BRDA:28,1,1,1
BRDA:45,2,0,1
BRDA:45,2,1,0
BRDA:69,3,0,1
BRDA:69,3,1,1
BRDA:85,4,0,1
BRDA:85,4,1,1
BRF:10
BRH:8
end_of_record
TN:
SF:src\controllers\ticketController.js
FN:11,(anonymous_0)
FN:34,(anonymous_1)
FN:64,(anonymous_2)
FN:81,(anonymous_3)
FN:102,(anonymous_4)
FN:121,(anonymous_5)
FN:164,(anonymous_6)
FN:189,(anonymous_7)
FN:235,(anonymous_8)
FNF:9
FNH:9
FNDA:3,(anonymous_0)
FNDA:4,(anonymous_1)
FNDA:3,(anonymous_2)
FNDA:4,(anonymous_3)
FNDA:4,(anonymous_4)
FNDA:4,(anonymous_5)
FNDA:2,(anonymous_6)
FNDA:3,(anonymous_7)
FNDA:7,(anonymous_8)
DA:11,1
DA:12,3
DA:13,3
DA:14,3
DA:15,3
DA:16,3
DA:18,3
DA:26,2
DA:28,1
DA:29,1
DA:34,1
DA:35,4
DA:36,4
DA:38,4
DA:39,1
DA:42,3
DA:43,2
DA:45,1
DA:50,1
DA:51,1
DA:53,1
DA:56,1
DA:58,1
DA:59,1
DA:64,1
DA:65,3
DA:66,3
DA:72,2
DA:73,1
DA:75,1
DA:76,1
DA:81,1
DA:82,4
DA:83,4
DA:84,4
DA:86,4
DA:87,3
DA:89,2
DA:90,2
DA:91,2
DA:93,2
DA:94,2
DA:96,1
DA:97,1
DA:102,1
DA:103,4
DA:104,4
DA:105,3
DA:107,2
DA:108,2
DA:109,1
DA:112,1
DA:113,1
DA:115,1
DA:116,1
DA:121,1
DA:122,4
DA:123,4
DA:125,4
DA:136,3
DA:138,2
DA:140,2
DA:164,2
DA:178,2
DA:180,1
DA:181,1
DA:189,1
DA:190,3
DA:191,3
DA:193,3
DA:205,2
DA:206,1
DA:209,1
DA:228,1
DA:229,1
DA:235,1
DA:236,7
DA:237,7
DA:239,7
DA:250,6
DA:253,5
DA:254,1
DA:260,4
DA:261,1
DA:267,3
DA:268,1
DA:272,2
DA:273,2
DA:275,2
DA:292,1
DA:293,1
LF:91
LH:91
BRDA:15,0,0,1
BRDA:15,0,1,2
BRDA:16,1,0,1
BRDA:16,1,1,2
BRDA:38,2,0,1
BRDA:38,2,1,3
BRDA:38,3,0,4
BRDA:38,3,1,4
BRDA:43,4,0,1
BRDA:43,4,1,1
BRDA:72,5,0,1
BRDA:72,5,1,1
BRDA:87,6,0,1
BRDA:87,6,1,2
BRDA:89,7,0,2
BRDA:89,7,1,0
BRDA:90,8,0,1
BRDA:90,8,1,1
BRDA:105,9,0,1
BRDA:105,9,1,2
BRDA:108,10,0,1
BRDA:108,10,1,1
BRDA:108,11,0,2
BRDA:108,11,1,2
BRDA:136,12,0,1
BRDA:136,12,1,2
BRDA:141,13,0,1
BRDA:141,13,1,1
BRDA:147,14,0,1
BRDA:147,14,1,1
BRDA:154,15,0,1
BRDA:154,15,1,1
BRDA:168,16,0,2
BRDA:168,16,1,1
BRDA:169,17,0,2
BRDA:169,17,1,1
BRDA:205,18,0,1
BRDA:205,18,1,1
BRDA:217,19,0,1
BRDA:217,19,1,0
BRDA:250,20,0,1
BRDA:250,20,1,5
BRDA:253,21,0,1
BRDA:253,21,1,4
BRDA:260,22,0,1
BRDA:260,22,1,3
BRDA:267,23,0,1
BRDA:267,23,1,2
BRDA:282,24,0,2
BRDA:282,24,1,0
BRDA:288,25,0,1
BRDA:288,25,1,1
BRF:52
BRH:49
end_of_record
TN:
SF:src\controllers\tripController.js
FN:7,(anonymous_0)
FN:26,(anonymous_1)
FN:47,(anonymous_2)
FN:72,(anonymous_3)
FN:96,(anonymous_4)
FNF:5
FNH:5
FNDA:2,(anonymous_0)
FNDA:3,(anonymous_1)
FNDA:3,(anonymous_2)
FNDA:3,(anonymous_3)
FNDA:3,(anonymous_4)
DA:7,1
DA:8,2
DA:9,2
DA:18,1
DA:20,1
DA:21,1
DA:26,1
DA:27,3
DA:28,3
DA:37,2
DA:38,1
DA:40,1
DA:41,1
DA:47,1
DA:48,3
DA:49,3
DA:51,3
DA:52,1
DA:55,2
DA:64,1
DA:66,1
DA:67,1
DA:72,1
DA:73,3
DA:74,3
DA:75,3
DA:77,2
DA:79,1
DA:88,1
DA:90,1
DA:91,1
DA:96,1
DA:97,3
DA:98,3
DA:99,2
DA:101,1
DA:102,1
DA:104,1
DA:105,1
LF:39
LH:39
BRDA:37,0,0,1
BRDA:37,0,1,1
BRDA:51,1,0,1
BRDA:51,1,1,2
BRDA:51,2,0,3
BRDA:51,2,1,2
BRDA:57,3,0,2
BRDA:57,3,1,0
BRDA:59,4,0,2
BRDA:59,4,1,2
BRDA:60,5,0,2
BRDA:60,5,1,2
BRDA:61,6,0,2
BRDA:61,6,1,2
BRDA:77,7,0,1
BRDA:77,7,1,1
BRDA:99,8,0,1
BRDA:99,8,1,1
BRF:18
BRH:17
end_of_record
TN:
SF:src\controllers\tripSeatController.js
FN:4,(anonymous_0)
FN:14,(anonymous_1)
FN:26,(anonymous_2)
FN:39,(anonymous_3)
FN:61,(anonymous_4)
FN:82,(anonymous_5)
FNF:6
FNH:6
FNDA:2,(anonymous_0)
FNDA:3,(anonymous_1)
FNDA:2,(anonymous_2)
FNDA:3,(anonymous_3)
FNDA:3,(anonymous_4)
FNDA:3,(anonymous_5)
DA:4,1
DA:5,2
DA:6,2
DA:7,1
DA:9,1
DA:10,1
DA:14,1
DA:15,3
DA:16,3
DA:17,2
DA:18,1
DA:20,1
DA:21,1
DA:26,1
DA:27,2
DA:28,2
DA:29,2
DA:32,1
DA:34,1
DA:35,1
DA:39,1
DA:40,3
DA:41,3
DA:43,3
DA:44,1
DA:47,2
DA:54,1
DA:56,1
DA:57,1
DA:61,1
DA:62,3
DA:63,3
DA:64,3
DA:66,2
DA:68,1
DA:75,1
DA:77,1
DA:78,1
DA:82,1
DA:83,3
DA:84,3
DA:85,2
DA:87,1
DA:88,1
DA:90,1
DA:91,1
LF:46
LH:46
BRDA:17,0,0,1
BRDA:17,0,1,1
BRDA:43,1,0,1
BRDA:43,1,1,2
BRDA:43,2,0,3
BRDA:43,2,1,2
BRDA:50,3,0,2
BRDA:50,3,1,2
BRDA:66,4,0,1
BRDA:66,4,1,1
BRDA:85,5,0,1
BRDA:85,5,1,1
BRF:12
BRH:12
end_of_record
TN:
SF:src\controllers\userController.js
FN:1,(anonymous_0)
FNF:1
FNH:1
FNDA:2,(anonymous_0)
DA:1,1
DA:2,2
DA:3,2
DA:4,2
DA:6,1
DA:7,1
LF:6
LH:6
BRF:0
BRH:0
end_of_record
TN:
SF:src\middlewares\authMiddleware.js
FN:8,(anonymous_0)
FN:16,(anonymous_1)
FN:45,(anonymous_2)
FN:57,(anonymous_3)
FNF:4
FNH:4
FNDA:6,(anonymous_0)
FNDA:4,(anonymous_1)
FNDA:4,(anonymous_2)
FNDA:4,(anonymous_3)
DA:8,1
DA:9,6
DA:10,6
DA:11,6
DA:12,6
DA:13,2
DA:16,4
DA:17,4
DA:18,1
DA:21,3
DA:24,3
DA:25,1
DA:27,2
DA:28,1
DA:31,1
DA:32,1
DA:35,0
DA:36,0
DA:45,1
DA:46,4
DA:47,3
DA:49,1
DA:57,1
DA:58,4
DA:59,2
DA:61,2
LF:26
LH:24
BRDA:11,0,0,6
BRDA:11,0,1,5
BRDA:12,1,0,2
BRDA:12,1,1,4
BRDA:17,2,0,1
BRDA:17,2,1,3
BRDA:24,3,0,1
BRDA:24,3,1,2
BRDA:27,4,0,1
BRDA:27,4,1,1
BRDA:46,5,0,3
BRDA:46,5,1,1
BRDA:46,6,0,4
BRDA:46,6,1,3
BRDA:58,7,0,2
BRDA:58,7,1,2
BRDA:58,8,0,4
BRDA:58,8,1,3
BRF:18
BRH:18
end_of_record
